
> blog@0.0.1 spellcheck /Users/etienne/Developer/simplified/etiennedeneuve.github.io
> cspell "**/*.{md,astro,ts,js,mjs,json}" --no-progress

astro.config.mjs:9:11 - Unknown word (Softwarecookieconsent)
astro.config.mjs:30:10 - Unknown word (Softwarecookieconsent)
CSS_AUDIT_REPORT.md:34:41 - Unknown word (focusables)
frontmatter.json:122:20 - Unknown word (timeframe)
lighthouserc.js:1:21 - Unknown word (lhci)
lighthouserc.js:46:10 - Unknown word (crawlable)
package.json:18:6 - Unknown word (linkcheck)
package.json:19:6 - Unknown word (linkcheck)
package.json:20:20 - Unknown word (lhci)
package.json:20:25 - Unknown word (autorun)
package.json:20:42 - Unknown word (lighthouserc)
package.json:25:52 - Unknown word (linkcheck)
package.json:31:7 - Unknown word (thewebforge)
package.json:54:7 - Unknown word (lhci)
package.json:56:7 - Unknown word (resvg)
package.json:56:13 - Unknown word (resvg)
package.json:81:6 - Unknown word (unlighthouse)
src/components/MainHead.astro:52:13 - Unknown word (msvalidate)
src/components/MainHead.astro:58:8 - Unknown word (cookiecategory)
src/components/MainHead.astro:64:8 - Unknown word (cookiecategory)
src/components/MainHead.astro:68:12 - Unknown word (gtag)
src/components/MainHead.astro:71:3 - Unknown word (gtag)
src/components/MainHead.astro:73:3 - Unknown word (gtag)
src/components/MainHead.astro:97:10 - Unknown word (darkmode)
src/components/PortfolioPreview.astro:51:19 - Unknown word (timeto)
src/components/Skills.astro:16:8 - Unknown word (devs)
src/components/ThemeToggle.astro:81:16 - Unknown word (darkmode)
src/config/site.ts:67:26 - Unknown word (voulez)
src/config/site.ts:67:33 - Unknown word (travailler)
src/config/site.ts:70:27 - Unknown word (voulez)
src/config/site.ts:70:34 - Unknown word (travailler)
src/content/blog/2015-12-16-get-nexttrain.md:4:22 - Unknown word (nexttrain)
src/content/blog/2015-12-16-get-nexttrain.md:33:28 - Unknown word (idgare)
src/content/blog/2015-12-16-get-nexttrain.md:33:75 - Unknown word (idgare)
src/content/blog/2015-12-16-get-nexttrain.md:33:85 - Unknown word (idgare)
src/content/blog/2015-12-16-get-nexttrain.md:33:93 - Unknown word (traindirection)
src/content/blog/2015-12-16-get-nexttrain.md:51:2 - Unknown word (cmdletbinding)
src/content/blog/2015-12-16-get-nexttrain.md:54:2 - Unknown word (idgare)
src/content/blog/2015-12-16-get-nexttrain.md:56:2 - Unknown word (traindirection)
src/content/blog/2015-12-16-get-nexttrain.md:57:2 - Unknown word (apikey)
src/content/blog/2015-12-16-get-nexttrain.md:57:19 - Unknown word (Keyfromapisncfwebsite)
src/content/blog/2015-12-16-get-nexttrain.md:60:2 - Unknown word (datenow)
src/content/blog/2015-12-16-get-nexttrain.md:60:39 - Unknown word (Hmmss)
src/content/blog/2015-12-16-get-nexttrain.md:64:117 - Unknown word (apikey)
src/content/blog/2015-12-16-get-nexttrain.md:70:16 - Unknown word (restmethod)
src/content/blog/2015-12-16-get-nexttrain.md:71:2 - Unknown word (alltrain)
src/content/blog/2015-12-16-get-nexttrain.md:73:58 - Unknown word (traindirection)
src/content/blog/2015-12-16-get-nexttrain.md:75:16 - Unknown word (convertarrival)
src/content/blog/2015-12-16-get-nexttrain.md:75:43 - Unknown word (Sncf)
src/content/blog/2015-12-16-get-nexttrain.md:75:57 - Unknown word (sncfdate)
src/content/blog/2015-12-16-get-nexttrain.md:76:16 - Unknown word (convertdeparture)
src/content/blog/2015-12-16-get-nexttrain.md:76:45 - Unknown word (Sncf)
src/content/blog/2015-12-16-get-nexttrain.md:76:59 - Unknown word (sncfdate)
src/content/blog/2015-12-16-get-nexttrain.md:77:6 - Unknown word (timespan)
src/content/blog/2015-12-16-get-nexttrain.md:77:16 - Unknown word (timefromnow)
src/content/blog/2015-12-16-get-nexttrain.md:77:34 - Unknown word (TIMESPAN)
src/content/blog/2015-12-16-get-nexttrain.md:77:68 - Unknown word (convertarrival)
src/content/blog/2015-12-16-get-nexttrain.md:82:25 - Unknown word (convertarrival)
src/content/blog/2015-12-16-get-nexttrain.md:83:28 - Unknown word (convertdeparture)
src/content/blog/2015-12-16-get-nexttrain.md:84:25 - Unknown word (timefromnow)
src/content/blog/2015-12-16-get-nexttrain.md:84:47 - Unknown word (timefromnow)
src/content/blog/2015-12-16-get-nexttrain.md:84:71 - Unknown word (timefromnow)
src/content/blog/2015-12-16-get-nexttrain.md:87:10 - Unknown word (alltrain)
src/content/blog/2015-12-16-get-nexttrain.md:90:9 - Unknown word (alltrain)
src/content/blog/2015-12-16-get-nexttrain.md:95:3 - Unknown word (cmdletbinding)
src/content/blog/2015-12-16-get-nexttrain.md:98:10 - Unknown word (idgare)
src/content/blog/2015-12-16-get-nexttrain.md:99:2 - Unknown word (apikey)
src/content/blog/2015-12-16-get-nexttrain.md:99:19 - Unknown word (Keyfromapisncfwebsite)
src/content/blog/2015-12-16-get-nexttrain.md:101:2 - Unknown word (datenow)
src/content/blog/2015-12-16-get-nexttrain.md:101:39 - Unknown word (Hmmss)
src/content/blog/2015-12-16-get-nexttrain.md:105:121 - Unknown word (apikey)
src/content/blog/2015-12-16-get-nexttrain.md:108:16 - Unknown word (restmethod)
src/content/blog/2015-12-16-get-nexttrain.md:125:2 - Unknown word (apikey)
src/content/blog/2015-12-16-get-nexttrain.md:125:19 - Unknown word (Keyfromapisncfwebsite)
src/content/blog/2015-12-16-get-nexttrain.md:132:15 - Unknown word (restmethod)
src/content/blog/2015-12-16-get-nexttrain.md:133:10 - Unknown word (stoparea)
src/content/blog/2015-12-16-get-nexttrain.md:135:24 - Unknown word (stoparea)
src/content/blog/2015-12-16-get-nexttrain.md:136:21 - Unknown word (stoparea)
src/content/blog/2015-12-16-get-nexttrain.md:144:20 - Unknown word (Sncf)
src/content/blog/2015-12-16-get-nexttrain.md:147:6 - Unknown word (sncfdate)
src/content/blog/2015-12-16-get-nexttrain.md:149:2 - Unknown word (sncfyear)
src/content/blog/2015-12-16-get-nexttrain.md:149:14 - Unknown word (sncfdate)
src/content/blog/2015-12-16-get-nexttrain.md:150:2 - Unknown word (sncfmonth)
src/content/blog/2015-12-16-get-nexttrain.md:150:15 - Unknown word (sncfdate)
src/content/blog/2015-12-16-get-nexttrain.md:151:2 - Unknown word (sncfday)
src/content/blog/2015-12-16-get-nexttrain.md:152:2 - Unknown word (sncfhour)
src/content/blog/2015-12-16-get-nexttrain.md:153:2 - Unknown word (sncfminute)
src/content/blog/2015-12-16-get-nexttrain.md:154:2 - Unknown word (sncfsecond)
src/content/blog/2015-12-16-get-nexttrain.md:156:29 - Unknown word (sncfyear)
src/content/blog/2015-12-16-get-nexttrain.md:156:44 - Unknown word (sncfday)
src/content/blog/2015-12-16-get-nexttrain.md:156:60 - Unknown word (sncfmonth)
src/content/blog/2015-12-16-get-nexttrain.md:156:77 - Unknown word (sncfhour)
src/content/blog/2015-12-16-get-nexttrain.md:156:95 - Unknown word (sncfsecond)
src/content/blog/2015-12-16-get-nexttrain.md:156:115 - Unknown word (sncfminute)
src/content/blog/2016-01-11-side-loading-application-without-sccm-part-1.md:2:41 - Unknown word (SCCM)
src/content/blog/2016-01-11-side-loading-application-without-sccm-part-1.md:7:5 - Unknown word (Sideloading)
src/content/blog/2016-01-11-side-loading-application-without-sccm-part-1.md:8:5 - Unknown word (SCCM)
src/content/blog/2016-01-11-side-loading-application-without-sccm-part-1.md:16:55 - Unknown word (sideload)
src/content/blog/2016-01-11-side-loading-application-without-sccm-part-1.md:16:234 - Unknown word (SCCM)
src/content/blog/2016-01-11-side-loading-application-without-sccm-part-1.md:16:561 - Unknown word (makeappx)
src/content/blog/2016-01-11-side-loading-application-without-sccm-part-1.md:16:573 - Unknown word (signtool)
src/content/blog/2016-01-11-side-loading-application-without-sccm-part-1.md:20:196 - Unknown word (appxbundle)
src/content/blog/2016-01-11-side-loading-application-without-sccm-part-1.md:20:255 - Unknown word (l'appxbundle)
src/content/blog/2016-01-11-side-loading-application-without-sccm-part-1.md:20:313 - Unknown word (débundler)
src/content/blog/2016-01-11-side-loading-application-without-sccm-part-1.md:35:4 - Unknown word (Débundler)
src/content/blog/2016-01-11-side-loading-application-without-sccm-part-1.md:35:14 - Unknown word (l'appxbundle)
src/content/blog/2016-01-11-side-loading-application-without-sccm-part-2.md:2:41 - Unknown word (SCCM)
src/content/blog/2016-01-11-side-loading-application-without-sccm-part-2.md:3:91 - Unknown word (sideloading)
src/content/blog/2016-01-11-side-loading-application-without-sccm-part-2.md:9:51 - Unknown word (sccm)
src/content/blog/2016-01-11-side-loading-application-without-sccm-part-2.md:21:920 - Unknown word (myappxfile)
src/content/blog/2016-01-11-side-loading-application-without-sccm-part-3.md:2:42 - Unknown word (SCCM)
src/content/blog/2016-01-11-side-loading-application-without-sccm-part-3.md:3:91 - Unknown word (sideloading)
src/content/blog/2016-01-11-side-loading-application-without-sccm-part-3.md:11:51 - Unknown word (sccm)
src/content/blog/2016-01-11-side-loading-application-without-sccm-part-3.md:17:141 - Unknown word (SCCM)
src/content/blog/2016-01-11-side-loading-application-without-sccm-part-3.md:29:16 - Unknown word (xmlfile)
src/content/blog/2016-01-11-side-loading-application-without-sccm-part-3.md:37:14 - Unknown word (xmlfile)
src/content/blog/2016-01-11-side-loading-application-without-sccm-part-3.md:38:14 - Unknown word (xmlfile)
src/content/blog/2016-01-11-side-loading-application-without-sccm-part-3.md:41:14 - Unknown word (xmlfile)
src/content/blog/2016-01-11-side-loading-application-without-sccm-part-3.md:42:14 - Unknown word (xmlfile)
src/content/blog/2016-01-11-side-loading-application-without-sccm-part-3.md:51:14 - Unknown word (xmltemp)
src/content/blog/2016-01-11-side-loading-application-without-sccm-part-3.md:52:44 - Unknown word (xmltemp)
src/content/blog/2016-01-11-side-loading-application-without-sccm-part-3.md:53:14 - Unknown word (xmltemp)
src/content/blog/2016-01-11-side-loading-application-without-sccm-part-3.md:53:35 - Unknown word (xmltemp)
src/content/blog/2016-01-11-side-loading-application-without-sccm-part-3.md:54:14 - Unknown word (xmltemp)
src/content/blog/2016-01-11-side-loading-application-without-sccm-part-3.md:69:51 - Unknown word (destinationroot)
src/content/blog/2016-01-11-side-loading-application-without-sccm-part-3.md:70:74 - Unknown word (destinationroot)
src/content/blog/2016-01-11-side-loading-application-without-sccm-part-3.md:71:10 - Unknown word (Appxs)
src/content/blog/2016-01-11-side-loading-application-without-sccm-part-3.md:71:67 - Unknown word (destinationroot)
src/content/blog/2016-01-11-side-loading-application-without-sccm-part-3.md:74:60 - Unknown word (destinationroot)
src/content/blog/2016-01-11-side-loading-application-without-sccm-part-3.md:76:11 - Unknown word (manifestxml)
src/content/blog/2016-01-11-side-loading-application-without-sccm-part-3.md:77:99 - Unknown word (manifestxml)
src/content/blog/2016-01-11-side-loading-application-without-sccm-part-3.md:81:57 - Unknown word (destinationroot)
src/content/blog/2016-01-11-side-loading-application-without-sccm-part-3.md:82:36 - Unknown word (Appxs)
src/content/blog/2016-01-11-side-loading-application-without-sccm-part-3.md:83:11 - Unknown word (manifestxml)
src/content/blog/2016-01-11-side-loading-application-without-sccm-part-3.md:84:105 - Unknown word (manifestxml)
src/content/blog/2016-01-11-side-loading-application-without-sccm-part-3.md:91:11 - Unknown word (blockmapxml)
src/content/blog/2016-01-11-side-loading-application-without-sccm-part-3.md:92:98 - Unknown word (blockmapxml)
src/content/blog/2016-01-11-side-loading-application-without-sccm-part-3.md:99:11 - Unknown word (blockmapxml)
src/content/blog/2016-01-11-side-loading-application-without-sccm-part-3.md:100:102 - Unknown word (blockmapxml)
src/content/blog/2016-01-11-side-loading-application-without-sccm-part-3.md:104:228 - Unknown word (SCCM)
src/content/blog/2016-01-15-get-ink-level-from-hp-printers-in-powershell.md:17:7 - Unknown word (stringprinter)
src/content/blog/2016-01-15-get-ink-level-from-hp-printers-in-powershell.md:18:2 - Unknown word (stringprinter)
src/content/blog/2017-01-26-utiliser-ansible-et-azure-oui-cest-possible.md:9:27 - Unknown word (ansible)
src/content/blog/2017-01-26-utiliser-ansible-et-azure-oui-cest-possible.md:9:48 - Unknown word (cest)
src/content/blog/2017-01-26-utiliser-ansible-et-azure-oui-cest-possible.md:18:290 - Unknown word (Quastana)
src/content/blog/2017-01-26-utiliser-ansible-et-azure-oui-cest-possible.md:18:504 - Unknown word (lego)
src/content/blog/2017-01-26-utiliser-ansible-et-azure-oui-cest-possible.md:39:29 - Unknown word (ansible)
src/content/blog/2017-01-26-utiliser-ansible-et-azure-oui-cest-possible.md:39:37 - Unknown word (ansible)
src/content/blog/2017-01-26-utiliser-ansible-et-azure-oui-cest-possible.md:41:22 - Unknown word (ansible)
src/content/blog/2017-01-26-utiliser-ansible-et-azure-oui-cest-possible.md:41:30 - Unknown word (sshpass)
src/content/blog/2017-01-26-utiliser-ansible-et-azure-oui-cest-possible.md:52:18 - Unknown word (msrest)
src/content/blog/2017-01-26-utiliser-ansible-et-azure-oui-cest-possible.md:53:18 - Unknown word (msrestazure)
src/content/blog/2017-01-26-utiliser-ansible-et-azure-oui-cest-possible.md:59:28 - Unknown word (ansible)
src/content/blog/2017-01-26-utiliser-ansible-et-azure-oui-cest-possible.md:65:8 - Unknown word (nscp)
src/content/blog/2017-01-26-utiliser-ansible-et-azure-oui-cest-possible.md:91:28 - Unknown word (SUBID)
src/content/blog/2017-01-26-utiliser-ansible-et-azure-oui-cest-possible.md:94:19 - Unknown word (TENANTID)
src/content/blog/2017-01-26-utiliser-ansible-et-azure-oui-cest-possible.md:107:48 - Unknown word (powerstate)
src/content/blog/2017-01-26-utiliser-ansible-et-azure-oui-cest-possible.md:107:62 - Unknown word (powerstate)
src/content/blog/2017-01-26-visual-studio-code-pour-ansible-terraform.md:6:42 - Unknown word (ansible)
src/content/blog/2017-01-26-visual-studio-code-pour-ansible-terraform.md:16:92 - Unknown word (dispo)
src/content/blog/2017-01-26-visual-studio-code-pour-ansible-terraform.md:43:31 - Unknown word (edeneuve)
src/content/blog/2017-02-02-agent-oms-sur-linux-dans-azure.md:12:115 - Unknown word (Saulière)
src/content/blog/2017-02-02-agent-oms-sur-linux-dans-azure.md:12:193 - Unknown word (dispo)
src/content/blog/2017-02-02-agent-oms-sur-linux-dans-azure.md:16:25 - Unknown word (omsagent)
src/content/blog/2017-02-02-agent-oms-sur-linux-dans-azure.md:17:9 - Unknown word (missingok)
src/content/blog/2017-02-02-installation-de-nginx-en-reverse-proxy-avec-reecriture-du-html.md:4:8 - Unknown word (réecriture)
src/content/blog/2017-02-02-installation-de-nginx-en-reverse-proxy-avec-reecriture-du-html.md:8:34 - Unknown word (nginx)
src/content/blog/2017-02-02-installation-de-nginx-en-reverse-proxy-avec-reecriture-du-html.md:8:62 - Unknown word (reecriture)
src/content/blog/2017-02-02-installation-de-nginx-en-reverse-proxy-avec-reecriture-du-html.md:16:215 - Unknown word (nginx)
src/content/blog/2017-02-02-installation-de-nginx-en-reverse-proxy-avec-reecriture-du-html.md:26:74 - Unknown word (Centos)
src/content/blog/2017-02-02-installation-de-nginx-en-reverse-proxy-avec-reecriture-du-html.md:26:151 - Unknown word (Centos)
src/content/blog/2017-02-02-installation-de-nginx-en-reverse-proxy-avec-reecriture-du-html.md:30:28 - Unknown word (dépots)
src/content/blog/2017-02-02-installation-de-nginx-en-reverse-proxy-avec-reecriture-du-html.md:30:35 - Unknown word (Centos)
src/content/blog/2017-02-02-installation-de-nginx-en-reverse-proxy-avec-reecriture-du-html.md:33:19 - Unknown word (pcre)
src/content/blog/2017-02-02-installation-de-nginx-en-reverse-proxy-avec-reecriture-du-html.md:43:19 - Unknown word (gperftools)
src/content/blog/2017-02-02-installation-de-nginx-en-reverse-proxy-avec-reecriture-du-html.md:51:10 - Unknown word (nginx)
src/content/blog/2017-02-02-installation-de-nginx-en-reverse-proxy-avec-reecriture-du-html.md:54:25 - Unknown word (subsitution) fix: (substitution)
src/content/blog/2017-02-02-installation-de-nginx-en-reverse-proxy-avec-reecriture-du-html.md:54:122 - Unknown word (yaoweibin)
src/content/blog/2017-02-02-installation-de-nginx-en-reverse-proxy-avec-reecriture-du-html.md:56:33 - Unknown word (yaoweibin)
src/content/blog/2017-02-02-installation-de-nginx-en-reverse-proxy-avec-reecriture-du-html.md:61:11 - Unknown word (nginx)
src/content/blog/2017-02-02-installation-de-nginx-en-reverse-proxy-avec-reecriture-du-html.md:63:16 - Unknown word (nginx)
src/content/blog/2017-02-02-installation-de-nginx-en-reverse-proxy-avec-reecriture-du-html.md:75:16 - Unknown word (pcre)
src/content/blog/2017-02-02-installation-de-nginx-en-reverse-proxy-avec-reecriture-du-html.md:77:21 - Unknown word (realip)
src/content/blog/2017-02-02-installation-de-nginx-en-reverse-proxy-avec-reecriture-du-html.md:78:24 - Unknown word (scgi)
src/content/blog/2017-02-02-installation-de-nginx-en-reverse-proxy-avec-reecriture-du-html.md:79:24 - Unknown word (uwsgi)
src/content/blog/2017-02-02-installation-de-nginx-en-reverse-proxy-avec-reecriture-du-html.md:80:24 - Unknown word (fastcgi)
src/content/blog/2017-02-02-installation-de-nginx-en-reverse-proxy-avec-reecriture-du-html.md:107:30 - Unknown word (MAINPID)
src/content/blog/2017-02-02-installation-de-nginx-en-reverse-proxy-avec-reecriture-du-html.md:108:29 - Unknown word (MAINPID)
src/content/blog/2017-02-02-installation-de-nginx-en-reverse-proxy-avec-reecriture-du-html.md:116:50 - Unknown word (firewalld)
src/content/blog/2017-02-02-installation-de-nginx-en-reverse-proxy-avec-reecriture-du-html.md:134:29 - Unknown word (domainquonveut)
src/content/blog/2017-02-02-installation-de-nginx-en-reverse-proxy-avec-reecriture-du-html.md:136:36 - Unknown word (oldsite)
src/content/blog/2017-02-02-installation-de-nginx-en-reverse-proxy-avec-reecriture-du-html.md:137:34 - Unknown word (oldsite)
src/content/blog/2017-02-02-installation-de-nginx-en-reverse-proxy-avec-reecriture-du-html.md:139:59 - Unknown word (ipduserveur)
src/content/blog/2017-02-02-installation-de-nginx-en-reverse-proxy-avec-reecriture-du-html.md:140:43 - Unknown word (vhostduapache)
src/content/blog/2017-02-02-installation-de-nginx-en-reverse-proxy-avec-reecriture-du-html.md:142:33 - Unknown word (domaineendurdanslecodequinousplaitpas)
src/content/blog/2017-02-02-installation-de-nginx-en-reverse-proxy-avec-reecriture-du-html.md:142:79 - Unknown word (domainquonveut)
src/content/blog/2017-02-02-installation-de-nginx-en-reverse-proxy-avec-reecriture-du-html.md:143:33 - Unknown word (domaineendurdanslecodequinousplaitpas)
src/content/blog/2017-02-02-installation-de-nginx-en-reverse-proxy-avec-reecriture-du-html.md:143:78 - Unknown word (domainquonveut)
src/content/blog/2017-02-02-installation-de-nginx-en-reverse-proxy-avec-reecriture-du-html.md:156:49 - Unknown word (stringquidoitdisparaitre)
src/content/blog/2017-02-02-installation-de-nginx-en-reverse-proxy-avec-reecriture-du-html.md:156:76 - Unknown word (stringquidoitapparaitre)
src/content/blog/2017-02-02-installation-de-nginx-en-reverse-proxy-avec-reecriture-du-html.md:168:38 - Unknown word (interressant)
src/content/blog/2017-02-02-installation-de-nginx-en-reverse-proxy-avec-reecriture-du-html.md:170:112 - Unknown word (deneuve)
src/content/blog/2017-02-02-installation-de-nginx-en-reverse-proxy-avec-reecriture-du-html.md:175:30 - Unknown word (deneuve)
src/content/blog/2017-02-02-installation-de-nginx-en-reverse-proxy-avec-reecriture-du-html.md:180:59 - Unknown word (ipduserveurbidon)
src/content/blog/2017-02-02-installation-de-nginx-en-reverse-proxy-avec-reecriture-du-html.md:181:47 - Unknown word (deneuve)
src/content/blog/2017-02-02-installation-de-nginx-en-reverse-proxy-avec-reecriture-du-html.md:183:37 - Unknown word (deneuve)
src/content/blog/2017-02-02-installation-de-nginx-en-reverse-proxy-avec-reecriture-du-html.md:183:54 - Unknown word (deneuve)
src/content/blog/2017-02-02-vorlon-js-un-petit-billet-pour-un-gentil-copain-dev.md:2:9 - Unknown word (Vorlon)
src/content/blog/2017-02-02-vorlon-js-un-petit-billet-pour-un-gentil-copain-dev.md:6:18 - Unknown word (vorlon)
src/content/blog/2017-02-02-vorlon-js-un-petit-billet-pour-un-gentil-copain-dev.md:15:39 - Unknown word (Vorlon)
src/content/blog/2017-02-02-vorlon-js-un-petit-billet-pour-un-gentil-copain-dev.md:20:10 - Unknown word (Vorlon)
src/content/blog/2017-02-02-vorlon-js-un-petit-billet-pour-un-gentil-copain-dev.md:20:48 - Unknown word (plutot)
src/content/blog/2017-02-02-vorlon-js-un-petit-billet-pour-un-gentil-copain-dev.md:20:134 - Unknown word (Catuhe)
src/content/blog/2017-02-02-vorlon-js-un-petit-billet-pour-un-gentil-copain-dev.md:20:150 - Unknown word (Magraff)
src/content/blog/2017-02-02-vorlon-js-un-petit-billet-pour-un-gentil-copain-dev.md:20:166 - Unknown word (Corioland)
src/content/blog/2017-02-02-vorlon-js-un-petit-billet-pour-un-gentil-copain-dev.md:20:183 - Unknown word (Rousset)
src/content/blog/2017-02-02-vorlon-js-un-petit-billet-pour-un-gentil-copain-dev.md:23:22 - Unknown word (Vorlon)
src/content/blog/2017-02-02-vorlon-js-un-petit-billet-pour-un-gentil-copain-dev.md:30:40 - Unknown word (vorlon)
src/content/blog/2017-02-02-vorlon-js-un-petit-billet-pour-un-gentil-copain-dev.md:31:6 - Unknown word (vorlon)
src/content/blog/2017-02-02-vorlon-js-un-petit-billet-pour-un-gentil-copain-dev.md:32:103 - Unknown word (Vorlon)
src/content/blog/2017-02-02-vorlon-js-un-petit-billet-pour-un-gentil-copain-dev.md:36:156 - Unknown word (vorlon)
src/content/blog/2017-02-02-vorlon-js-un-petit-billet-pour-un-gentil-copain-dev.md:36:210 - Unknown word (vorlon)
src/content/blog/2017-02-02-vorlon-js-un-petit-billet-pour-un-gentil-copain-dev.md:51:12 - Unknown word (Webproxy)
src/content/blog/2017-03-14-azure-et-le-backup-dun-mac.md:17:16 - Unknown word (giphy)
src/content/blog/2017-03-14-azure-et-le-backup-dun-mac.md:17:36 - Unknown word (giphy)
src/content/blog/2017-03-14-azure-et-le-backup-dun-mac.md:17:58 - Unknown word (rqqbf)
src/content/blog/2017-03-14-azure-et-le-backup-dun-mac.md:19:70 - Unknown word (GIPHY)
src/content/blog/2017-03-14-azure-et-le-backup-dun-mac.md:29:68 - Unknown word (dispo)
src/content/blog/2017-03-14-azure-et-le-backup-dun-mac.md:55:31 - Unknown word (northeurope)
src/content/blog/2017-03-14-azure-et-le-backup-dun-mac.md:64:35 - Unknown word (stobackupmac)
src/content/blog/2017-03-14-azure-et-le-backup-dun-mac.md:72:34 - Unknown word (stobackupmac)
src/content/blog/2017-03-14-azure-et-le-backup-dun-mac.md:80:20 - Unknown word (Guvy)
src/content/blog/2017-03-14-azure-et-le-backup-dun-mac.md:80:32 - Unknown word (VXXXXXXXXXXXXXXXXXXXXXXXXXXXXXXXXTNR)
src/content/blog/2017-03-14-azure-et-le-backup-dun-mac.md:87:35 - Unknown word (stobackupmac)
src/content/blog/2017-03-14-azure-et-le-backup-dun-mac.md:88:37 - Unknown word (Guvy)
src/content/blog/2017-03-14-azure-et-le-backup-dun-mac.md:88:49 - Unknown word (VXXXXXXXXXXXXXXXXXXXXXXXXXXXXXXXXTNR)
src/content/blog/2017-03-14-azure-et-le-backup-dun-mac.md:92:37 - Unknown word (sharebkp)
src/content/blog/2017-03-14-azure-et-le-backup-dun-mac.md:102:62 - Unknown word (sharebkp)
src/content/blog/2017-03-14-azure-et-le-backup-dun-mac.md:104:38 - Unknown word (sharebkp)
src/content/blog/2017-03-14-azure-et-le-backup-dun-mac.md:108:18 - Unknown word (sharebkp)
src/content/blog/2017-03-14-azure-et-le-backup-dun-mac.md:113:2 - Unknown word (volname)
src/content/blog/2017-03-14-azure-et-le-backup-dun-mac.md:116:20 - Unknown word (sparsebundle)
src/content/blog/2017-03-14-azure-et-le-backup-dun-mac.md:122:11 - Unknown word (tmutil)
src/content/blog/2017-03-14-azure-et-le-backup-dun-mac.md:122:18 - Unknown word (setdestination)
src/content/blog/2017-04-25-azure-networking-tp-part-1.md:7:54 - Unknown word (myslug)
src/content/blog/2017-04-25-azure-networking-tp-part-1.md:13:2 - Unknown word (Mickael)
src/content/blog/2017-04-25-azure-networking-tp-part-1.md:13:106 - Unknown word (Bootcamp)
src/content/blog/2017-04-25-azure-networking-tp-part-1.md:15:35 - Unknown word (dispo)
src/content/blog/2017-04-25-azure-networking-tp-part-1.md:15:45 - Unknown word (slideshare)
src/content/blog/2017-04-25-azure-networking-tp-part-1.md:15:63 - Unknown word (Slideshare)
src/content/blog/2017-04-25-azure-networking-tp-part-1.md:15:77 - Unknown word (Mickael)
src/content/blog/2017-04-25-azure-networking-tp-part-1.md:23:10 - Unknown word (Vnet)
src/content/blog/2017-04-25-azure-networking-tp-part-1.md:24:11 - Unknown word (northeurope)
src/content/blog/2017-04-25-azure-networking-tp-part-1.md:30:6 - Unknown word (vnetexo)
src/content/blog/2017-04-25-azure-networking-tp-part-1.md:30:64 - Unknown word (Vnet)
src/content/blog/2017-04-25-azure-networking-tp-part-1.md:31:11 - Unknown word (vnet)
src/content/blog/2017-04-25-azure-networking-tp-part-1.md:33:15 - Unknown word (northeurope)
src/content/blog/2017-04-25-azure-networking-tp-part-1.md:39:49 - Unknown word (psfrontend)
src/content/blog/2017-04-25-azure-networking-tp-part-1.md:40:22 - Unknown word (vnetexo)
src/content/blog/2017-04-25-azure-networking-tp-part-1.md:42:48 - Unknown word (vnetexo)
src/content/blog/2017-04-25-azure-networking-tp-part-1.md:51:15 - Unknown word (Vnet)
src/content/blog/2017-04-25-azure-networking-tp-part-1.md:52:16 - Unknown word (northeurope)
src/content/blog/2017-04-25-azure-networking-tp-part-1.md:58:16 - Unknown word (vnet)
src/content/blog/2017-04-25-azure-networking-tp-part-1.md:59:12 - Unknown word (vnet)
src/content/blog/2017-04-25-azure-networking-tp-part-1.md:60:25 - Unknown word (Vnet)
src/content/blog/2017-04-25-azure-networking-tp-part-1.md:61:16 - Unknown word (northeurope)
src/content/blog/2017-04-25-azure-networking-tp-part-1.md:63:19 - Unknown word (azfrontend)
src/content/blog/2017-04-25-azure-networking-tp-part-1.md:76:6 - Unknown word (vnetname)
src/content/blog/2017-04-25-azure-networking-tp-part-1.md:79:32 - Unknown word (Vnet)
src/content/blog/2017-04-25-azure-networking-tp-part-1.md:81:24 - Unknown word (vnet)
src/content/blog/2017-04-25-azure-networking-tp-part-1.md:83:6 - Unknown word (vnetname)
src/content/blog/2017-04-25-azure-networking-tp-part-1.md:88:24 - Unknown word (vnet)
src/content/blog/2017-04-25-azure-networking-tp-part-1.md:102:24 - Unknown word (jsonfrontend)
src/content/blog/2017-04-25-azure-networking-tp-part-1.md:120:30 - Unknown word (VNET)
src/content/blog/2017-04-27-azure-networking-tp-part-2.md:4:17 - Unknown word (deneuve)
src/content/blog/2017-04-27-azure-networking-tp-part-2.md:14:52 - Unknown word (Mickael)
src/content/blog/2017-04-27-azure-networking-tp-part-2.md:14:117 - Unknown word (Bootcamp)
src/content/blog/2017-04-27-azure-networking-tp-part-2.md:15:35 - Unknown word (dispo)
src/content/blog/2017-04-27-azure-networking-tp-part-2.md:15:45 - Unknown word (slideshare)
src/content/blog/2017-04-27-azure-networking-tp-part-2.md:15:138 - Unknown word (Slideshare)
src/content/blog/2017-04-27-azure-networking-tp-part-2.md:15:152 - Unknown word (Mickael)
src/content/blog/2017-04-27-azure-networking-tp-part-2.md:20:35 - Unknown word (Vnets)
src/content/blog/2017-04-27-azure-networking-tp-part-2.md:22:7 - Unknown word (vnet)
src/content/blog/2017-04-27-azure-networking-tp-part-2.md:23:7 - Unknown word (vnet)
src/content/blog/2017-04-27-azure-networking-tp-part-2.md:24:7 - Unknown word (vnet)
src/content/blog/2017-04-27-azure-networking-tp-part-2.md:27:33 - Unknown word (vnet)
src/content/blog/2017-04-27-azure-networking-tp-part-2.md:27:49 - Unknown word (vnet)
src/content/blog/2017-04-27-azure-networking-tp-part-2.md:28:49 - Unknown word (hljs)
src/content/blog/2017-04-27-azure-networking-tp-part-2.md:28:94 - Unknown word (hljs)
src/content/blog/2017-04-27-azure-networking-tp-part-2.md:28:99 - Unknown word (pscommand)
src/content/blog/2017-04-27-azure-networking-tp-part-2.md:28:155 - Unknown word (hljs)
src/content/blog/2017-04-27-azure-networking-tp-part-2.md:28:194 - Unknown word (Vnet)
src/content/blog/2017-04-27-azure-networking-tp-part-2.md:28:218 - Unknown word (hljs)
src/content/blog/2017-04-27-azure-networking-tp-part-2.md:29:14 - Unknown word (hljs)
src/content/blog/2017-04-27-azure-networking-tp-part-2.md:29:64 - Unknown word (pscommand)
src/content/blog/2017-04-27-azure-networking-tp-part-2.md:29:159 - Unknown word (Vnet)
src/content/blog/2017-04-27-azure-networking-tp-part-2.md:31:54 - Unknown word (pscommand)
src/content/blog/2017-04-27-azure-networking-tp-part-2.md:33:54 - Unknown word (pscommand)
src/content/blog/2017-04-27-azure-networking-tp-part-2.md:35:55 - Unknown word (pscommand)
src/content/blog/2017-04-27-azure-networking-tp-part-2.md:47:27 - Unknown word (recupéré)
src/content/blog/2017-04-27-azure-networking-tp-part-2.md:48:57 - Unknown word (Vnet)
src/content/blog/2017-04-27-azure-networking-tp-part-2.md:49:9 - Unknown word (recuperez)
src/content/blog/2017-04-27-azure-networking-tp-part-2.md:50:19 - Unknown word (VOTREIDDESOUSCRPTION)
src/content/blog/2017-04-27-azure-networking-tp-part-2.md:50:58 - Unknown word (Vnet)
src/content/blog/2017-04-27-azure-networking-tp-part-2.md:54:35 - Unknown word (VNET)
src/content/blog/2017-04-27-azure-networking-tp-part-2.md:54:59 - Unknown word (VOTREIDDESOUSCRPTION)
src/content/blog/2017-04-27-azure-networking-tp-part-2.md:54:98 - Unknown word (Vnet)
src/content/blog/2017-04-27-azure-networking-tp-part-2.md:59:29 - Unknown word (VNET)
src/content/blog/2017-04-27-azure-networking-tp-part-2.md:71:127 - Unknown word (Peerings)
src/content/blog/2017-04-27-azure-networking-tp-part-2.md:77:2 - Unknown word (vnetname)
src/content/blog/2017-04-27-azure-networking-tp-part-2.md:110:18 - Unknown word (jsonfrontend)
src/content/blog/2017-04-27-azure-networking-tp-part-2.md:128:22 - Unknown word (VNET)
src/content/blog/2017-04-27-azure-networking-tp-part-2.md:148:58 - Unknown word (Peerings)
src/content/blog/2017-04-27-azure-networking-tp-part-2.md:149:11 - Unknown word (concact)
src/content/blog/2017-04-27-azure-networking-tp-part-2.md:157:36 - Unknown word (subscriptionid)
src/content/blog/2017-09-24-project-honolulu-public-preview-mon-retour.md:4:17 - Unknown word (deneuve)
src/content/blog/2017-09-24-project-honolulu-public-preview-mon-retour.md:6:26 - Unknown word (honolulu)
src/content/blog/2017-09-24-project-honolulu-public-preview-mon-retour.md:19:10 - Unknown word (honoluludownload)
src/content/blog/2017-09-24-project-honolulu-public-preview-mon-retour.md:34:60 - Unknown word (nospoil)
src/content/blog/2017-09-24-project-honolulu-public-preview-mon-retour.md:43:64 - Unknown word (cmdkey)
src/content/blog/2017-09-25-azure-cloud-shell-pleins-de-nouveautes-et-du-gros.md:4:17 - Unknown word (deneuve)
src/content/blog/2017-09-25-azure-cloud-shell-pleins-de-nouveautes-et-du-gros.md:9:46 - Unknown word (nouveautes)
src/content/blog/2017-09-25-azure-cloud-shell-pleins-de-nouveautes-et-du-gros.md:16:187 - Unknown word (cloudshell)
src/content/blog/2017-09-25-azure-cloud-shell-pleins-de-nouveautes-et-du-gros.md:22:44 - Unknown word (interressantes)
src/content/blog/2017-09-25-azure-cloud-shell-pleins-de-nouveautes-et-du-gros.md:22:59 - Unknown word (notemment)
src/content/blog/2017-09-26-azurepscmdnotfound.md:4:17 - Unknown word (deneuve)
src/content/blog/2017-09-26-azurepscmdnotfound.md:9:18 - Unknown word (azurepscmdnotfound)
src/content/blog/2017-09-26-azurepscmdnotfound.md:18:77 - Unknown word (RMVM)
src/content/blog/2017-09-26-azurepscmdnotfound.md:34:71 - Unknown word (RMVM)
src/content/blog/2017-09-26-azurepscmdnotfound.md:46:38 - Unknown word (Etendons)
src/content/blog/2017-09-26-azurepscmdnotfound.md:62:11 - Unknown word (RMVMOs)
src/content/blog/2017-09-26-azurepscmdnotfound.md:90:20 - Unknown word (RMVMOs)
src/content/blog/2017-09-26-azurepscmdnotfound.md:96:16 - Unknown word (azurermvm)
src/content/blog/2017-09-26-azurepscmdnotfound.md:98:10 - Unknown word (osprofile)
src/content/blog/2017-09-26-azurepscmdnotfound.md:99:16 - Unknown word (osprofile)
src/content/blog/2017-09-26-azurepscmdnotfound.md:102:20 - Unknown word (osprofile)
src/content/blog/2017-09-26-azurepscmdnotfound.md:106:24 - Unknown word (osprofile)
src/content/blog/2017-09-26-azurepscmdnotfound.md:147:11 - Unknown word (RMVMOs)
src/content/blog/2017-09-26-azurepscmdnotfound.md:150:10 - Unknown word (sript) fix: (script)
src/content/blog/2017-09-26-frpsug-powershell-saturday-et-contenu-de-la-session-de-lutile-ou-pas.md:3:9 - Unknown word (FRPSUG)
src/content/blog/2017-09-26-frpsug-powershell-saturday-et-contenu-de-la-session-de-lutile-ou-pas.md:4:17 - Unknown word (deneuve)
src/content/blog/2017-09-26-frpsug-powershell-saturday-et-contenu-de-la-session-de-lutile-ou-pas.md:9:18 - Unknown word (frpsug)
src/content/blog/2017-09-26-frpsug-powershell-saturday-et-contenu-de-la-session-de-lutile-ou-pas.md:9:36 - Unknown word (saturday)
src/content/blog/2017-09-26-frpsug-powershell-saturday-et-contenu-de-la-session-de-lutile-ou-pas.md:9:73 - Unknown word (lutile)
src/content/blog/2017-09-26-frpsug-powershell-saturday-et-contenu-de-la-session-de-lutile-ou-pas.md:14:49 - Unknown word (FRPSUG)
src/content/blog/2017-09-26-frpsug-powershell-saturday-et-contenu-de-la-session-de-lutile-ou-pas.md:14:135 - Unknown word (Cellenza)
src/content/blog/2017-09-26-frpsug-powershell-saturday-et-contenu-de-la-session-de-lutile-ou-pas.md:16:34 - Unknown word (FRPSUG)
src/content/blog/2017-09-26-frpsug-powershell-saturday-et-contenu-de-la-session-de-lutile-ou-pas.md:25:7 - Unknown word (Mickael)
src/content/blog/2017-09-26-frpsug-powershell-saturday-et-contenu-de-la-session-de-lutile-ou-pas.md:29:29 - Unknown word (FRPSUG)
src/content/blog/2017-09-26-frpsug-powershell-saturday-et-contenu-de-la-session-de-lutile-ou-pas.md:74:30 - Unknown word (Palo)
src/content/blog/2017-09-26-frpsug-powershell-saturday-et-contenu-de-la-session-de-lutile-ou-pas.md:94:15 - Unknown word (Cellenza)
src/content/blog/2017-09-26-frpsug-powershell-saturday-et-contenu-de-la-session-de-lutile-ou-pas.md:95:3 - Unknown word (Metsys)
src/content/blog/2017-09-26-frpsug-powershell-saturday-et-contenu-de-la-session-de-lutile-ou-pas.md:96:3 - Unknown word (FRPSUG)
src/content/blog/2017-09-27-azure-powershell-nettoyer-les-tags.md:4:17 - Unknown word (deneuve)
src/content/blog/2017-09-27-cellinsights-isv-journey-cloud-dans-les-bacs.md:4:17 - Unknown word (deneuve)
src/content/blog/2017-09-27-cellinsights-isv-journey-cloud-dans-les-bacs.md:9:18 - Unknown word (cellinsights)
src/content/blog/2017-09-27-cellinsights-isv-journey-cloud-dans-les-bacs.md:14:18 - Unknown word (Cellenza)
src/content/blog/2017-09-29-mon-premier-itcast.md:6:17 - Unknown word (deneuve)
src/content/blog/2017-09-29-mon-premier-itcast.md:11:30 - Unknown word (itcast)
src/content/blog/2017-09-29-mon-premier-itcast.md:18:124 - Unknown word (Seyfallah)
src/content/blog/2017-09-29-mon-premier-itcast.md:18:134 - Unknown word (Tagrerout)
src/content/blog/2017-09-29-mon-premier-itcast.md:18:292 - Unknown word (Bérenguer)
src/content/blog/2017-09-29-mon-premier-itcast.md:22:1 - Unknown word (J'espere)
src/content/blog/2017-10-01-microsoft-experience-17-infrastructure-code-modelisez-et-provisionnez-vos-services-azure-avec-terraform-et-packer.md:4:17 - Unknown word (deneuve)
src/content/blog/2017-10-01-microsoft-experience-17-infrastructure-code-modelisez-et-provisionnez-vos-services-azure-avec-terraform-et-packer.md:7:62 - Unknown word (modelisez)
src/content/blog/2017-10-01-microsoft-experience-17-infrastructure-code-modelisez-et-provisionnez-vos-services-azure-avec-terraform-et-packer.md:22:38 - Unknown word (Quastana)
src/content/blog/2017-10-01-mvp.md:4:17 - Unknown word (deneuve)
src/content/blog/2017-10-01-mvp.md:14:86 - Unknown word (Datacenter)
src/content/blog/2017-10-09-vsts-for-ops-1.md:3:35 - Unknown word (VSTS)
src/content/blog/2017-10-09-vsts-for-ops-1.md:4:17 - Unknown word (deneuve)
src/content/blog/2017-10-09-vsts-for-ops-1.md:9:18 - Unknown word (vsts)
src/content/blog/2017-10-09-vsts-for-ops-1.md:14:127 - Unknown word (Quastana)
src/content/blog/2017-10-09-vsts-for-ops-1.md:21:65 - Unknown word (VSTS)
src/content/blog/2017-10-09-vsts-for-ops-1.md:22:49 - Unknown word (VSTS)
src/content/blog/2017-10-09-vsts-for-ops-1.md:28:26 - Unknown word (VSTS)
src/content/blog/2017-10-09-vsts-for-ops-1.md:47:32 - Unknown word (VSTS)
src/content/blog/2017-10-09-vsts-for-ops-1.md:55:25 - Unknown word (libunwind)
src/content/blog/2017-10-09-vsts-for-ops-1.md:66:115 - Unknown word (Personnal) fix: (Personal)
src/content/blog/2017-10-09-vsts-for-ops-1.md:68:72 - Unknown word (Keepass)
src/content/blog/2017-10-13-vsts-for-ops-2.md:4:29 - Unknown word (VSTS)
src/content/blog/2017-10-13-vsts-for-ops-2.md:6:17 - Unknown word (deneuve)
src/content/blog/2017-10-13-vsts-for-ops-2.md:11:18 - Unknown word (vsts)
src/content/blog/2017-10-13-vsts-for-ops-2.md:16:127 - Unknown word (Quastana)
src/content/blog/2017-10-13-vsts-for-ops-2.md:23:65 - Unknown word (VSTS)
src/content/blog/2017-10-13-vsts-for-ops-2.md:24:49 - Unknown word (VSTS)
src/content/blog/2017-10-13-vsts-for-ops-2.md:28:65 - Unknown word (réflechir)
src/content/blog/2017-10-13-vsts-for-ops-2.md:31:24 - Unknown word (réflechi)
src/content/blog/2017-10-13-vsts-for-ops-2.md:39:184 - Unknown word (VSTS)
src/content/blog/2017-10-13-vsts-for-ops-2.md:45:42 - Unknown word (VSTS)
src/content/blog/2017-10-13-vsts-for-ops-2.md:57:52 - Unknown word (vsts)
src/content/blog/2017-10-13-vsts-for-ops-2.md:71:30 - Unknown word (modifciation) fix: (modification)
src/content/blog/2017-10-13-vsts-for-ops-2.md:91:13 - Unknown word (alignnone)
src/content/blog/2017-10-25-vsts-for-ops-part-3.md:4:29 - Unknown word (VSTS)
src/content/blog/2017-10-25-vsts-for-ops-part-3.md:6:17 - Unknown word (deneuve)
src/content/blog/2017-10-25-vsts-for-ops-part-3.md:11:18 - Unknown word (vsts)
src/content/blog/2017-10-25-vsts-for-ops-part-3.md:16:127 - Unknown word (Quastana)
src/content/blog/2017-10-25-vsts-for-ops-part-3.md:23:65 - Unknown word (VSTS)
src/content/blog/2017-10-25-vsts-for-ops-part-3.md:24:49 - Unknown word (VSTS)
src/content/blog/2017-10-25-vsts-for-ops-part-3.md:36:20 - Unknown word (westeurope)
src/content/blog/2017-10-25-vsts-for-ops-part-3.md:36:34 - Unknown word (vstsforops)
src/content/blog/2017-10-25-vsts-for-ops-part-3.md:38:42 - Unknown word (vstsforops)
src/content/blog/2017-10-25-vsts-for-ops-part-3.md:38:56 - Unknown word (westeurope)
src/content/blog/2017-10-25-vsts-for-ops-part-3.md:39:42 - Unknown word (vstsforops)
src/content/blog/2017-10-25-vsts-for-ops-part-3.md:39:56 - Unknown word (westeurope)
src/content/blog/2017-10-25-vsts-for-ops-part-3.md:57:388 - Unknown word (vsts)
src/content/blog/2017-10-25-vsts-for-ops-part-3.md:75:8 - Unknown word (VSTS)
src/content/blog/2017-10-25-vsts-for-ops-part-3.md:115:10 - Unknown word (resquestfor)
src/content/blog/2017-10-25-vsts-for-ops-part-3.md:115:33 - Unknown word (REQUESTEDFOR)
src/content/blog/2017-10-25-vsts-for-ops-part-3.md:122:33 - Unknown word (IMAGEURI)
src/content/blog/2017-10-25-vsts-for-ops-part-3.md:130:221 - Unknown word (DESTACCOUNTKEY)
src/content/blog/2017-10-25-vsts-for-ops-part-3.md:130:244 - Unknown word (SOURCEACCOUNTKEY)
src/content/blog/2017-10-25-vsts-for-ops-part-3.md:142:107 - Unknown word (DESTACCOUNTKEY)
src/content/blog/2017-10-25-vsts-for-ops-part-3.md:142:123 - Unknown word (SOURCEACCOUNTKEY)
src/content/blog/2018-03-28-os-factory-azure-et-aws.md:6:17 - Unknown word (deneuve)
src/content/blog/2018-03-28-os-factory-azure-et-aws.md:18:47 - Unknown word (Neff)
src/content/blog/2018-03-28-os-factory-azure-et-aws.md:18:78 - Unknown word (Ayme)
src/content/blog/2018-03-28-os-factory-azure-et-aws.md:18:136 - Unknown word (Maireaux)
src/content/blog/2018-03-28-os-factory-azure-et-aws.md:18:150 - Unknown word (Cellenza)
src/content/blog/2018-04-06-terraform-providers-datasource.md:4:17 - Unknown word (deneuve)
src/content/blog/2018-04-06-terraform-providers-datasource.md:9:38 - Unknown word (datasource)
src/content/blog/2018-04-06-terraform-providers-datasource.md:18:579 - Unknown word (Quastana)
src/content/blog/2018-04-06-terraform-providers-datasource.md:19:134 - Unknown word (Mickael)
src/content/blog/2018-04-06-terraform-providers-datasource.md:19:142 - Unknown word (Debois)
src/content/blog/2018-04-06-terraform-providers-datasource.md:19:203 - Unknown word (Chambon)
src/content/blog/2018-04-06-terraform-providers-datasource.md:27:11 - Unknown word (nomduprovider)
src/content/blog/2018-04-06-terraform-providers-datasource.md:31:51 - Unknown word (Hashicorp)
src/content/blog/2018-04-06-terraform-providers-datasource.md:36:77 - Unknown word (présense)
src/content/blog/2018-04-06-terraform-providers-datasource.md:46:11 - Unknown word (myad)
src/content/blog/2018-04-06-terraform-providers-datasource.md:118:10 - Unknown word (myad)
src/content/blog/2018-04-06-terraform-providers-datasource.md:131:16 - Unknown word (myad)
src/content/blog/2018-04-06-terraform-providers-datasource.md:141:54 - Unknown word (myad)
src/content/blog/2018-04-06-terraform-providers-datasource.md:148:8 - Unknown word (myad)
src/content/blog/2018-04-06-terraform-providers-datasource.md:152:84 - Unknown word (déploiments)
src/content/blog/2018-04-06-terraform-providers-datasource.md:204:47 - Unknown word (LYNA)
src/content/blog/2018-04-06-terraform-providers-datasource.md:226:219 - Unknown word (vnet)
src/content/blog/2018-04-06-terraform-providers-datasource.md:231:11 - Unknown word (azurerm)
src/content/blog/2018-04-06-terraform-providers-datasource.md:235:7 - Unknown word (azurerm)
src/content/blog/2018-04-06-terraform-providers-datasource.md:241:17 - Unknown word (azurerm)
src/content/blog/2018-04-06-terraform-providers-datasource.md:245:16 - Unknown word (surement)
src/content/blog/2018-04-06-terraform-providers-datasource.md:245:42 - Unknown word (azurerm)
src/content/blog/2018-04-06-terraform-providers-datasource.md:258:45 - Unknown word (votrevalue)
src/content/blog/2018-04-06-terraform-providers-datasource.md:262:1 - Unknown word (J'èspere)
src/content/blog/2018-04-06-terraform-providers-datasource.md:264:75 - Unknown word (Bootcamp)
src/content/blog/2018-06-23-git-pour-ops-par-un-ops.md:4:17 - Unknown word (deneuve)
src/content/blog/2018-06-23-git-pour-ops-par-un-ops.md:42:23 - Unknown word (VSTS)
src/content/blog/2018-06-23-git-pour-ops-par-un-ops.md:48:14 - Unknown word (Vsts)
src/content/blog/2018-06-23-git-pour-ops-par-un-ops.md:50:40 - Unknown word (vsts)
src/content/blog/2018-06-23-git-pour-ops-par-un-ops.md:54:22 - Unknown word (VSTS)
src/content/blog/2018-06-23-git-pour-ops-par-un-ops.md:60:22 - Unknown word (vsts)
src/content/blog/2018-06-23-git-pour-ops-par-un-ops.md:61:5 - Unknown word (vsts)
src/content/blog/2018-06-23-git-pour-ops-par-un-ops.md:64:8 - Unknown word (VSTS)
src/content/blog/2018-06-23-git-pour-ops-par-un-ops.md:66:1 - Unknown word (VSTS)
src/content/blog/2018-06-23-git-pour-ops-par-un-ops.md:74:16 - Unknown word (vsts)
src/content/blog/2018-06-23-git-pour-ops-par-un-ops.md:83:128 - Unknown word (VSTS)
src/content/blog/2018-06-23-git-pour-ops-par-un-ops.md:97:93 - Unknown word (connaitre)
src/content/blog/2018-06-23-git-pour-ops-par-un-ops.md:104:22 - Unknown word (exisiting) fix: (existing)
src/content/blog/2018-06-23-git-pour-ops-par-un-ops.md:118:11 - Unknown word (monchemin)
src/content/blog/2018-06-23-git-pour-ops-par-un-ops.md:118:21 - Unknown word (monfichier)
src/content/blog/2018-06-23-git-pour-ops-par-un-ops.md:120:11 - Unknown word (mondossier)
src/content/blog/2018-06-23-git-pour-ops-par-un-ops.md:131:10 - Unknown word (monchemin)
src/content/blog/2018-06-23-git-pour-ops-par-un-ops.md:131:20 - Unknown word (monfichier)
src/content/blog/2018-06-23-git-pour-ops-par-un-ops.md:174:83 - Unknown word (Neff)
src/content/blog/2018-06-23-git-pour-ops-par-un-ops.md:174:152 - Unknown word (Maireaux)
src/content/blog/2018-06-26-documentation-as-code.md:4:17 - Unknown word (deneuve)
src/content/blog/2018-06-26-documentation-as-code.md:30:28 - Unknown word (ansible)
src/content/blog/2018-06-26-documentation-as-code.md:30:233 - Unknown word (surement)
src/content/blog/2018-06-26-documentation-as-code.md:30:300 - Unknown word (reflete)
src/content/blog/2018-06-26-documentation-as-code.md:30:313 - Unknown word (l'etat)
src/content/blog/2018-06-26-documentation-as-code.md:68:25 - Unknown word (necessaire)
src/content/blog/2018-06-26-documentation-as-code.md:79:21 - Unknown word (ansible)
src/content/blog/2018-06-26-documentation-as-code.md:79:46 - Unknown word (ansible)
src/content/blog/2018-06-26-documentation-as-code.md:79:59 - Unknown word (ansible)
src/content/blog/2018-06-26-documentation-as-code.md:79:74 - Unknown word (ansible)
src/content/blog/2018-06-26-documentation-as-code.md:79:107 - Unknown word (pywirm)
src/content/blog/2018-06-26-documentation-as-code.md:80:56 - Unknown word (pywinrm)
src/content/blog/2018-06-26-documentation-as-code.md:121:28 - Unknown word (antonbabenko)
src/content/blog/2018-06-26-documentation-as-code.md:148:6 - Unknown word (genere)
src/content/blog/2018-06-26-documentation-as-code.md:148:43 - Unknown word (docget)
src/content/blog/2018-06-26-documentation-as-code.md:152:17 - Unknown word (contien)
src/content/blog/2018-06-26-documentation-as-code.md:152:41 - Unknown word (fullreadme)
src/content/blog/2018-06-26-documentation-as-code.md:153:17 - Unknown word (fullreadme)
src/content/blog/2018-06-26-documentation-as-code.md:154:11 - Unknown word (fullreadme)
src/content/blog/2018-06-26-documentation-as-code.md:154:32 - Unknown word (fullreadme)
src/content/blog/2018-06-26-documentation-as-code.md:156:22 - Unknown word (mesage) fix: (message)
src/content/blog/2018-06-26-documentation-as-code.md:157:19 - Unknown word (doesn)
src/content/blog/2018-06-26-documentation-as-code.md:160:41 - Unknown word (fullreadme)
src/content/blog/2018-06-26-documentation-as-code.md:161:56 - Unknown word (matieres)
src/content/blog/2018-06-26-documentation-as-code.md:164:21 - Unknown word (interimédiaire)
src/content/blog/2018-06-26-documentation-as-code.md:178:75 - Unknown word (defaut) fix: (default)
src/content/blog/2018-06-26-documentation-as-code.md:178:97 - Unknown word (vsts)
src/content/blog/2018-06-26-documentation-as-code.md:202:45 - Unknown word (matieres)
src/content/blog/2018-06-26-documentation-as-code.md:204:85 - Unknown word (arboresence)
src/content/blog/2018-06-26-documentation-as-code.md:209:97 - Unknown word (VSTS)
src/content/blog/2018-06-26-setup-vs-code-bash-git.md:6:17 - Unknown word (deneuve)
src/content/blog/2018-06-26-setup-vs-code-bash-git.md:32:36 - Unknown word (Crtl)
src/content/blog/2018-06-26-setup-vs-code-bash-git.md:74:36 - Unknown word (ansible)
src/content/blog/2018-06-26-setup-vs-code-bash-git.md:75:13 - Unknown word (ansible)
src/content/blog/2018-06-26-setup-vs-code-bash-git.md:75:26 - Unknown word (ansible)
src/content/blog/2018-06-26-setup-vs-code-bash-git.md:75:52 - Unknown word (ansible)
src/content/blog/2018-06-26-setup-vs-code-bash-git.md:75:67 - Unknown word (pywinrm)
src/content/blog/2018-06-26-setup-vs-code-bash-git.md:108:7 - Unknown word (ansible)
src/content/blog/2018-06-26-setup-vs-code-bash-git.md:111:26 - Unknown word (antonbabenko)
src/content/blog/2018-06-26-setup-vs-code-bash-git.md:136:38 - Unknown word (etien)
src/content/blog/2018-06-26-setup-vs-code-bash-git.md:142:47 - Unknown word (etien)
src/content/blog/2018-06-26-setup-vs-code-bash-git.md:171:9 - Unknown word (Rollups)
src/content/blog/2018-06-26-setup-vs-code-bash-git.md:193:1 - Unknown word (hookid)
src/content/blog/2018-06-28-git-pour-les-ops-par-un-ops-le-retour.md:4:17 - Unknown word (deneuve)
src/content/blog/2018-06-28-git-pour-les-ops-par-un-ops-le-retour.md:16:31 - Unknown word (VSTS)
src/content/blog/2018-06-28-git-pour-les-ops-par-un-ops-le-retour.md:31:129 - Unknown word (masuperfeature)
src/content/blog/2018-06-28-git-pour-les-ops-par-un-ops-le-retour.md:38:6 - Unknown word (creer)
src/content/blog/2018-06-28-git-pour-les-ops-par-un-ops-le-retour.md:39:7 - Unknown word (monfichier)
src/content/blog/2018-06-28-git-pour-les-ops-par-un-ops-le-retour.md:41:9 - Unknown word (monfichier)
src/content/blog/2018-06-28-git-pour-les-ops-par-un-ops-le-retour.md:45:17 - Unknown word (manouvellebranche)
src/content/blog/2018-06-28-git-pour-les-ops-par-un-ops-le-retour.md:49:1 - Unknown word (monfichier)
src/content/blog/2018-06-28-git-pour-les-ops-par-un-ops-le-retour.md:55:7 - Unknown word (monfichier)
src/content/blog/2018-06-28-git-pour-les-ops-par-un-ops-le-retour.md:56:9 - Unknown word (monfichier)
src/content/blog/2018-06-28-git-pour-les-ops-par-un-ops-le-retour.md:56:72 - Unknown word (manouvellebranche)
src/content/blog/2018-06-28-git-pour-les-ops-par-un-ops-le-retour.md:64:6 - Unknown word (creer)
src/content/blog/2018-06-28-git-pour-les-ops-par-un-ops-le-retour.md:65:7 - Unknown word (monfichiermaster)
src/content/blog/2018-06-28-git-pour-les-ops-par-un-ops-le-retour.md:66:9 - Unknown word (monfichiermaster)
src/content/blog/2018-06-28-git-pour-les-ops-par-un-ops-le-retour.md:69:16 - Unknown word (monfichiermaster)
src/content/blog/2018-06-28-git-pour-les-ops-par-un-ops-le-retour.md:70:38 - Unknown word (manouvellebranche)
src/content/blog/2018-06-28-git-pour-les-ops-par-un-ops-le-retour.md:71:14 - Unknown word (manouvellebranche)
src/content/blog/2018-06-28-git-pour-les-ops-par-un-ops-le-retour.md:80:334 - Unknown word (manouvellebranche)
src/content/blog/2018-06-28-git-pour-les-ops-par-un-ops-le-retour.md:83:14 - Unknown word (manouvellebranch)
src/content/blog/2018-06-28-git-pour-les-ops-par-un-ops-le-retour.md:86:14 - Unknown word (manouvellebranch)
src/content/blog/2018-06-28-git-pour-les-ops-par-un-ops-le-retour.md:106:11 - Unknown word (manouvellebranch)
src/content/blog/2018-06-28-git-pour-les-ops-par-un-ops-le-retour.md:137:20 - Unknown word (manouvellebranch)
src/content/blog/2018-07-02-how-to-manage-dns-terraform.md:6:17 - Unknown word (deneuve)
src/content/blog/2018-07-02-how-to-manage-dns-terraform.md:23:48 - Unknown word (Cellenza)
src/content/blog/2018-07-02-how-to-manage-dns-terraform.md:33:85 - Unknown word (setted) fix: (set)
src/content/blog/2018-07-02-how-to-manage-dns-terraform.md:33:124 - Unknown word (Thoses) fix: (Those)
src/content/blog/2018-07-02-how-to-manage-dns-terraform.md:37:100 - Unknown word (lauchned)
src/content/blog/2018-07-02-how-to-manage-dns-terraform.md:41:52 - Unknown word (workdir)
src/content/blog/2018-07-02-how-to-manage-dns-terraform.md:41:76 - Unknown word (folling) fix: (following, falling, rolling)
src/content/blog/2018-07-02-how-to-manage-dns-terraform.md:46:12 - Unknown word (cloudconfig)
src/content/blog/2018-07-02-how-to-manage-dns-terraform.md:62:11 - Unknown word (azurerm)
src/content/blog/2018-07-02-how-to-manage-dns-terraform.md:74:16 - Unknown word (cloudinit)
src/content/blog/2018-07-02-how-to-manage-dns-terraform.md:80:33 - Unknown word (cloudconfig)
src/content/blog/2018-07-02-how-to-manage-dns-terraform.md:84:23 - Unknown word (cloudconfig)
src/content/blog/2018-07-02-how-to-manage-dns-terraform.md:85:21 - Unknown word (cloudconfig)
src/content/blog/2018-07-02-how-to-manage-dns-terraform.md:92:11 - Unknown word (azurerm)
src/content/blog/2018-07-02-how-to-manage-dns-terraform.md:101:11 - Unknown word (azurerm)
src/content/blog/2018-07-02-how-to-manage-dns-terraform.md:101:40 - Unknown word (vnet)
src/content/blog/2018-07-02-how-to-manage-dns-terraform.md:102:9 - Unknown word (vnet)
src/content/blog/2018-07-02-how-to-manage-dns-terraform.md:103:15 - Unknown word (azurerm)
src/content/blog/2018-07-02-how-to-manage-dns-terraform.md:104:26 - Unknown word (azurerm)
src/content/blog/2018-07-02-how-to-manage-dns-terraform.md:112:31 - Unknown word (snet) fix: (sent)
src/content/blog/2018-07-02-how-to-manage-dns-terraform.md:115:54 - Unknown word (vnet)
src/content/blog/2018-07-02-how-to-manage-dns-terraform.md:144:19 - Unknown word (edeneuve)
src/content/blog/2018-07-02-how-to-manage-dns-terraform.md:146:32 - Unknown word (cloudinit)
src/content/blog/2018-07-02-how-to-manage-dns-terraform.md:167:34 - Unknown word (snet) fix: (sent)
src/content/blog/2018-07-02-how-to-manage-dns-terraform.md:189:42 - Unknown word (cloudconfig)
src/content/blog/2018-07-02-how-to-manage-dns-terraform.md:196:5 - Unknown word (dnsutils)
src/content/blog/2018-07-02-how-to-manage-dns-terraform.md:204:100 - Unknown word (rndc)
src/content/blog/2018-07-02-how-to-manage-dns-terraform.md:204:105 - Unknown word (confgen)
src/content/blog/2018-07-02-how-to-manage-dns-terraform.md:206:24 - Unknown word (rdnc)
src/content/blog/2018-07-02-how-to-manage-dns-terraform.md:209:22 - Unknown word (rndc)
src/content/blog/2018-07-02-how-to-manage-dns-terraform.md:211:6 - Unknown word (rndc)
src/content/blog/2018-07-02-how-to-manage-dns-terraform.md:217:118 - Unknown word (rndc)
src/content/blog/2018-07-02-how-to-manage-dns-terraform.md:220:20 - Unknown word (rndc)
src/content/blog/2018-07-02-how-to-manage-dns-terraform.md:230:16 - Unknown word (zonesub)
src/content/blog/2018-07-02-how-to-manage-dns-terraform.md:290:55 - Unknown word (arpa)
src/content/blog/2018-07-02-how-to-manage-dns-terraform.md:291:57 - Unknown word (arpa)
src/content/blog/2018-07-02-how-to-manage-dns-terraform.md:292:57 - Unknown word (arpa)
src/content/blog/2018-07-02-how-to-manage-dns-terraform.md:300:133 - Unknown word (apparmor)
src/content/blog/2018-07-02-how-to-manage-dns-terraform.md:303:10 - Unknown word (apparmor)
src/content/blog/2018-07-02-how-to-manage-dns-terraform.md:318:41 - Unknown word (deamon) fix: (daemon)
src/content/blog/2018-07-02-how-to-manage-dns-terraform.md:318:77 - Unknown word (apparmor)
src/content/blog/2018-07-02-how-to-manage-dns-terraform.md:322:1 - Unknown word (apparmor)
src/content/blog/2018-07-02-how-to-manage-dns-terraform.md:325:7 - Unknown word (dient)
src/content/blog/2018-07-02-how-to-manage-dns-terraform.md:329:10 - Unknown word (connman)
src/content/blog/2018-07-02-how-to-manage-dns-terraform.md:329:26 - Unknown word (dient)
src/content/blog/2018-07-02-how-to-manage-dns-terraform.md:334:11 - Unknown word (tcpdump)
src/content/blog/2018-07-02-how-to-manage-dns-terraform.md:336:23 - Unknown word (cgns)
src/content/blog/2018-07-02-how-to-manage-dns-terraform.md:344:7 - Unknown word (dient)
src/content/blog/2018-07-02-how-to-manage-dns-terraform.md:448:11 - Unknown word (didn)
src/content/blog/2018-07-02-how-to-manage-dns-terraform.md:456:119 - Unknown word (rrset)
src/content/blog/2018-07-02-how-to-manage-dns-terraform.md:458:119 - Unknown word (rrset)
src/content/blog/2018-07-02-how-to-manage-dns-terraform.md:459:119 - Unknown word (rrset)
src/content/blog/2018-07-02-how-to-manage-dns-terraform.md:465:94 - Unknown word (nslookup)
src/content/blog/2018-07-02-how-to-manage-dns-terraform.md:468:1 - Unknown word (nslookup)
src/content/blog/2018-07-25-az-cli-20-tricks.md:5:17 - Unknown word (deneuve)
src/content/blog/2018-12-05-adsk-in-a-breeze.md:6:17 - Unknown word (deneuve)
src/content/blog/2018-12-05-adsk-in-a-breeze.md:9:18 - Unknown word (adsk)
src/content/blog/2018-12-05-adsk-in-a-breeze.md:48:28 - Unknown word (Developpement) fix: (Development)
src/content/blog/2018-12-05-adsk-in-a-breeze.md:65:23 - Unknown word (vhdx)
src/content/blog/2018-12-05-adsk-in-a-breeze.md:80:53 - Unknown word (asdk)
src/content/blog/2018-12-05-adsk-in-a-breeze.md:82:3 - Unknown word (asdk)
src/content/blog/2018-12-05-adsk-in-a-breeze.md:87:20 - Unknown word (cloudbuilder)
src/content/blog/2018-12-05-adsk-in-a-breeze.md:87:33 - Unknown word (vhdx)
src/content/blog/2018-12-05-adsk-in-a-breeze.md:87:69 - Unknown word (vhdx)
src/content/blog/2018-12-05-adsk-in-a-breeze.md:87:155 - Unknown word (ASDK)
src/content/blog/2018-12-05-adsk-in-a-breeze.md:95:45 - Unknown word (bootmanager)
src/content/blog/2018-12-05-adsk-in-a-breeze.md:99:52 - Unknown word (ASDK)
src/content/blog/2018-12-05-adsk-in-a-breeze.md:103:2 - Unknown word (adminpass)
src/content/blog/2018-12-05-adsk-in-a-breeze.md:104:2 - Unknown word (aadcred)
src/content/blog/2018-12-05-adsk-in-a-breeze.md:105:43 - Unknown word (adminpass)
src/content/blog/2018-12-05-adsk-in-a-breeze.md:106:37 - Unknown word (yourazuread)
src/content/blog/2018-12-05-adsk-in-a-breeze.md:106:49 - Unknown word (onmicrosoft)
src/content/blog/2018-12-05-adsk-in-a-breeze.md:108:48 - Unknown word (aadcred)
src/content/blog/2018-12-05-adsk-in-a-breeze.md:122:52 - Unknown word (ASDK)
src/content/blog/2018-12-05-adsk-in-a-breeze.md:124:15 - Unknown word (azurestackazurestackadmin)
src/content/blog/2018-12-05-adsk-in-a-breeze.md:124:48 - Unknown word (ASDK)
src/content/blog/2018-12-05-adsk-in-a-breeze.md:126:29 - Unknown word (Administator) fix: (Administrator)
src/content/blog/2018-12-05-adsk-in-a-breeze.md:130:53 - Unknown word (ASDK)
src/content/blog/2018-12-05-adsk-in-a-breeze.md:135:8 - Unknown word (Webrequest)
src/content/blog/2018-12-05-adsk-in-a-breeze.md:137:44 - Unknown word (yourazuread)
src/content/blog/2018-12-05-adsk-in-a-breeze.md:137:56 - Unknown word (onmicrosoft)
src/content/blog/2018-12-05-adsk-in-a-breeze.md:139:25 - Unknown word (Kfiles)
src/content/blog/2018-12-05-adsk-in-a-breeze.md:140:17 - Unknown word (ISOWS)
src/content/blog/2018-12-05-adsk-in-a-breeze.md:146:14 - Unknown word (Creds)
src/content/blog/2019-01-22-lancement-de-powershell-du-zero.md:4:17 - Unknown word (deneuve)
src/content/blog/2020-02-07-infra-testing-easy-path.md:22:49 - Unknown word (Terratest)
src/content/blog/2020-02-07-infra-testing-easy-path.md:73:1 - Unknown word (choco)
src/content/blog/2020-02-07-infra-testing-easy-path.md:92:70 - Unknown word (choco)
src/content/blog/2020-02-07-infra-testing-easy-path.md:96:65 - Unknown word (cmdline)
src/content/blog/2020-02-07-infra-testing-easy-path.md:98:9 - Unknown word (cmdline)
src/content/blog/2020-02-07-infra-testing-easy-path.md:101:26 - Unknown word (alexkrechik)
src/content/blog/2020-02-07-infra-testing-easy-path.md:101:38 - Unknown word (cucumberautocomplete)
src/content/blog/2020-02-07-infra-testing-easy-path.md:221:16 - Unknown word (inital) fix: (initial)
src/content/blog/2020-02-07-infra-testing-easy-path.md:254:43 - Unknown word (cicd)
src/content/blog/2020-02-07-infra-testing-easy-path.md:309:29 - Unknown word (azurerm)
src/content/blog/2020-02-07-infra-testing-easy-path.md:319:12 - Unknown word (azurerm)
src/content/blog/2020-02-07-infra-testing-easy-path.md:330:23 - Unknown word (cicd)
src/content/blog/2020-02-07-infra-testing-easy-path.md:389:26 - Unknown word (cicd)
src/content/blog/2020-02-07-infra-testing-easy-path.md:390:26 - Unknown word (cicd)
src/content/blog/2020-02-17-infra-testing-easy-path-2.md:32:30 - Unknown word (follwing) fix: (following)
src/content/blog/2020-02-17-infra-testing-easy-path-2.md:61:16 - Unknown word (Configuretherepolocally)
src/content/blog/2020-02-17-infra-testing-easy-path-2.md:68:16 - Unknown word (inital) fix: (initial)
src/content/blog/2020-02-17-infra-testing-easy-path-2.md:72:16 - Unknown word (Createthepipeline)
src/content/blog/2020-02-17-infra-testing-easy-path-2.md:101:43 - Unknown word (cicd)
src/content/blog/2020-02-17-infra-testing-easy-path-2.md:113:16 - Unknown word (Createthe)
src/content/blog/2020-02-17-infra-testing-easy-path-2.md:113:32 - Unknown word (Endpointfor)
src/content/blog/2020-02-17-infra-testing-easy-path-2.md:156:29 - Unknown word (azurerm)
src/content/blog/2020-02-17-infra-testing-easy-path-2.md:166:12 - Unknown word (azurerm)
src/content/blog/2020-02-17-infra-testing-easy-path-2.md:171:16 - Unknown word (Configurethepipeline)
src/content/blog/2020-02-17-infra-testing-easy-path-2.md:177:23 - Unknown word (cicd)
src/content/blog/2020-02-17-infra-testing-easy-path-2.md:236:26 - Unknown word (cicd)
src/content/blog/2020-02-17-infra-testing-easy-path-2.md:237:26 - Unknown word (cicd)
src/content/blog/2020-02-25-terraform-azurerm-2.md:3:17 - Unknown word (deneuve)
src/content/blog/2020-02-25-terraform-azurerm-2.md:5:28 - Unknown word (azurerm)
src/content/blog/2020-02-25-terraform-azurerm-2.md:28:11 - Unknown word (azurerm)
src/content/blog/2023-05-14-supercharge-your-git-experience-part1.md:15:17 - Unknown word (Bootcamp)
src/content/blog/2023-05-14-supercharge-your-git-experience-part1.md:15:28 - Unknown word (Azug)
src/content/blog/2023-05-14-supercharge-your-git-experience-part1.md:17:17 - Unknown word (Gobal) fix: (Global)
src/content/blog/2023-05-14-supercharge-your-git-experience-part1.md:17:29 - Unknown word (Bootcamp)
src/content/blog/2023-05-14-supercharge-your-git-experience-part1.md:48:27 - Unknown word (toplevel)
src/content/blog/2023-05-14-supercharge-your-git-experience-part1.md:62:25 - Unknown word (toplevel)
src/content/blog/2023-05-14-supercharge-your-git-experience-part1.md:87:34 - Unknown word (toplevel)
src/content/blog/2023-05-14-supercharge-your-git-experience-part1.md:152:35 - Unknown word (toplevel)
src/content/blog/2023-05-14-supercharge-your-git-experience-part1.md:152:46 - Unknown word (lintstagedrc)
src/content/blog/2023-07-28-megalinter-azure-devops.md:8:26 - Unknown word (megalinter)
src/content/blog/2023-07-28-megalinter-azure-devops.md:22:7 - Unknown word (oool)
src/content/blog/2023-07-28-megalinter-azure-devops.md:22:47 - Unknown word (looo)
src/content/blog/2023-07-28-megalinter-azure-devops.md:24:46 - Unknown word (KXXN)
src/content/blog/2023-07-28-megalinter-azure-devops.md:25:8 - Unknown word (KNXNX)
src/content/blog/2023-07-28-megalinter-azure-devops.md:25:14 - Unknown word (kxdddddddoc)
src/content/blog/2023-07-28-megalinter-azure-devops.md:25:33 - Unknown word (lodddddddxk)
src/content/blog/2023-07-28-megalinter-azure-devops.md:26:10 - Unknown word (KXXXXXXXXXXXXNXX)
src/content/blog/2023-07-28-megalinter-azure-devops.md:26:27 - Unknown word (dllx)
src/content/blog/2023-07-28-megalinter-azure-devops.md:27:23 - Unknown word (KXXXXXXXXXXK)
src/content/blog/2023-07-28-megalinter-azure-devops.md:27:42 - Unknown word (Okxo)
src/content/blog/2023-07-28-megalinter-azure-devops.md:28:26 - Unknown word (KXNNN)
src/content/blog/2023-07-28-megalinter-azure-devops.md:30:35 - Unknown word (OXXXX)
src/content/blog/2023-07-28-megalinter-azure-devops.md:31:18 - Unknown word (KNNXXO)
src/content/blog/2023-07-28-megalinter-azure-devops.md:32:19 - Unknown word (KXXXX)
src/content/blog/2023-07-28-megalinter-azure-devops.md:32:33 - Unknown word (KXXXX)
src/content/blog/2023-07-28-megalinter-azure-devops.md:35:23 - Unknown word (XNXXXXXXXXX)
src/content/blog/2023-07-28-megalinter-azure-devops.md:36:24 - Unknown word (KXXXXNXXX)
src/content/blog/2023-07-28-megalinter-azure-devops.md:37:25 - Unknown word (KNNXNNXO)
src/content/blog/2023-07-28-megalinter-azure-devops.md:38:26 - Unknown word (looool)
src/content/blog/2023-07-28-megalinter-azure-devops.md:60:36 - Unknown word (megalinter)
src/content/blog/2023-07-28-megalinter-azure-devops.md:87:28 - Unknown word (megalinter)
src/content/blog/2023-07-28-megalinter-azure-devops.md:122:28 - Unknown word (setvariable)
src/content/blog/2023-07-28-megalinter-azure-devops.md:132:47 - Unknown word (megalinter)
src/content/blog/2023-07-28-megalinter-azure-devops.md:155:85 - Unknown word (Megalinter)
src/content/blog/2023-07-28-megalinter-azure-devops.md:179:72 - Unknown word (Megalinter)
src/content/blog/2023-07-28-megalinter-azure-devops.md:180:44 - Unknown word (megalinter)
src/content/blog/2023-07-28-megalinter-azure-devops.md:205:135 - Unknown word (Megalinter)
src/content/blog/2023-07-28-megalinter-azure-devops.md:211:28 - Unknown word (setvariable)
src/content/blog/2023-07-28-megalinter-azure-devops.md:226:23 - Unknown word (ACCESSTOKEN)
src/content/blog/2023-07-28-megalinter-azure-devops.md:229:16 - Unknown word (SARIF)
src/content/blog/2023-07-28-megalinter-azure-devops.md:230:13 - Unknown word (oxsecurity)
src/content/blog/2023-07-28-megalinter-azure-devops.md:259:97 - Unknown word (sarif)
src/content/blog/2023-07-28-megalinter-azure-devops.md:269:72 - Unknown word (Megalinter)
src/content/blog/2023-07-28-megalinter-azure-devops.md:295:48 - Unknown word (Megalinter)
src/content/blog/2024-02-11-zero-trust-overview.md:69:144 - Unknown word (PPTP)
src/content/blog/2024-02-11-zero-trust-overview.md:73:91 - Unknown word (Headscale)
src/content/blog/2024-02-11-zero-trust-overview.md:75:1 - Unknown word (Headscale)
src/content/blog/2024-02-11-zero-trust-overview.md:81:36 - Unknown word (Headscale)
src/content/blog/2024-02-11-zero-trust-overview.md:83:45 - Unknown word (Headscale)
src/content/blog/2024-02-11-zero-trust-overview.md:84:44 - Unknown word (Headscale)
src/content/blog/2024-02-11-zero-trust-overview.md:92:10 - Unknown word (Wazuh)
src/content/blog/2024-02-11-zero-trust-overview.md:94:1 - Unknown word (Wazuh)
src/content/blog/2024-02-11-zero-trust-overview.md:96:19 - Unknown word (SIEM)
src/content/blog/2024-02-11-zero-trust-overview.md:96:26 - Unknown word (Wazuh)
src/content/blog/2024-02-11-zero-trust-overview.md:107:4 - Unknown word (SIEM)
src/content/blog/2024-02-11-zero-trust-overview.md:107:31 - Unknown word (SIEM)
src/content/blog/2024-02-11-zero-trust-overview.md:107:39 - Unknown word (Wazuh)
src/content/blog/2024-02-11-zero-trust-overview.md:108:4 - Unknown word (Wazuh)
src/content/blog/2024-02-13-zero-trust-google.md:26:11 - Unknown word (SIEM)
src/content/blog/2024-02-14-zero-trust-open-source.md:40:144 - Unknown word (PPTP)
src/content/blog/2024-02-14-zero-trust-open-source.md:44:91 - Unknown word (Headscale)
src/content/blog/2024-02-14-zero-trust-open-source.md:46:1 - Unknown word (Headscale)
src/content/blog/2024-02-14-zero-trust-open-source.md:52:36 - Unknown word (Headscale)
src/content/blog/2024-02-14-zero-trust-open-source.md:54:45 - Unknown word (Headscale)
src/content/blog/2024-02-14-zero-trust-open-source.md:55:44 - Unknown word (Headscale)
src/content/blog/2024-02-14-zero-trust-open-source.md:63:10 - Unknown word (Wazuh)
src/content/blog/2024-02-14-zero-trust-open-source.md:65:1 - Unknown word (Wazuh)
src/content/blog/2024-02-14-zero-trust-open-source.md:67:19 - Unknown word (SIEM)
src/content/blog/2024-02-14-zero-trust-open-source.md:67:26 - Unknown word (Wazuh)
src/content/blog/2024-02-14-zero-trust-open-source.md:78:4 - Unknown word (SIEM)
src/content/blog/2024-02-14-zero-trust-open-source.md:78:31 - Unknown word (SIEM)
src/content/blog/2024-02-14-zero-trust-open-source.md:78:39 - Unknown word (Wazuh)
src/content/blog/2024-02-14-zero-trust-open-source.md:79:4 - Unknown word (Wazuh)
src/content/blog/2024-02-15-zero-trust-tl-dr.md:38:144 - Unknown word (PPTP)
src/content/blog/2024-02-15-zero-trust-tl-dr.md:42:91 - Unknown word (Headscale)
src/content/blog/2024-02-15-zero-trust-tl-dr.md:44:1 - Unknown word (Headscale)
src/content/blog/2024-02-15-zero-trust-tl-dr.md:50:36 - Unknown word (Headscale)
src/content/blog/2024-02-15-zero-trust-tl-dr.md:52:45 - Unknown word (Headscale)
src/content/blog/2024-02-15-zero-trust-tl-dr.md:53:44 - Unknown word (Headscale)
src/content/blog/2024-02-15-zero-trust-tl-dr.md:61:10 - Unknown word (Wazuh)
src/content/blog/2024-02-15-zero-trust-tl-dr.md:63:1 - Unknown word (Wazuh)
src/content/blog/2024-02-15-zero-trust-tl-dr.md:65:19 - Unknown word (SIEM)
src/content/blog/2024-02-15-zero-trust-tl-dr.md:65:26 - Unknown word (Wazuh)
src/content/blog/2024-02-15-zero-trust-tl-dr.md:76:4 - Unknown word (SIEM)
src/content/blog/2024-02-15-zero-trust-tl-dr.md:76:31 - Unknown word (SIEM)
src/content/blog/2024-02-15-zero-trust-tl-dr.md:76:39 - Unknown word (Wazuh)
src/content/blog/2024-02-15-zero-trust-tl-dr.md:77:4 - Unknown word (Wazuh)
src/content/blog/2024-09-16-managed-identities.md:10:22 - Unknown word (identites) fix: (identities)
src/content/blog/2024-09-16-managed-identities.md:10:32 - Unknown word (managees)
src/content/blog/2024-09-16-managed-identities.md:27:23 - Unknown word (élements)
src/content/blog/2024-09-16-managed-identities.md:61:5 - Unknown word (autonumber)
src/content/blog/2024-09-16-managed-identities.md:95:220 - Unknown word (IDMS)
src/content/blog/2024-09-16-managed-identities.md:95:303 - Unknown word (IDMS)
src/content/blog/2024-09-16-managed-identities.md:103:5 - Unknown word (autonumber)
src/content/blog/2024-09-16-managed-identities.md:105:17 - Unknown word (IDMS)
src/content/blog/2024-09-16-managed-identities.md:105:49 - Unknown word (IDMS)
src/content/blog/2024-09-16-managed-identities.md:110:11 - Unknown word (IDMS)
src/content/blog/2024-09-16-managed-identities.md:130:5 - Unknown word (autonumber)
src/content/blog/2024-09-16-managed-identities.md:167:5 - Unknown word (autonumber)
src/content/blog/2024-09-16-managed-identities.md:324:41 - Unknown word (azidentity)
src/content/blog/2024-09-16-managed-identities.md:325:41 - Unknown word (keyvault)
src/content/blog/2024-09-16-managed-identities.md:325:50 - Unknown word (azsecrets)
src/content/blog/2024-09-16-managed-identities.md:333:15 - Unknown word (azidentity)
src/content/blog/2024-09-16-managed-identities.md:340:17 - Unknown word (azsecrets)
src/content/blog/2024-09-16-managed-identities.md:361:38 - Unknown word (keyvault)
src/content/blog/2024-09-16-managed-identities.md:383:27 - Unknown word (keyvault)
src/content/blog/2024-09-16-managed-identities.md:384:27 - Unknown word (keyvault)
src/content/blog/2024-09-16-managed-identities.md:385:27 - Unknown word (keyvault)
src/content/blog/2024-09-16-managed-identities.md:405:20 - Unknown word (println)
src/content/blog/2024-09-16-managed-identities.md:414:79 - Unknown word (oidc)
src/content/blog/2024-09-16-managed-identities.md:423:14 - Unknown word (oidc)
src/content/blog/2024-09-16-managed-identities.md:430:11 - Unknown word (oidc)
src/content/blog/2024-09-16-managed-identities.md:433:14 - Unknown word (oidc)
src/content/blog/2024-09-16-managed-identities.md:443:18 - Unknown word (westeurope)
src/content/blog/2024-09-16-managed-identities.md:465:18 - Unknown word (westeurope)
src/content/blog/2024-09-16-managed-identities.md:489:18 - Unknown word (westeurope)
src/content/blog/2024-09-16-managed-identities.md:501:22 - Unknown word (serviceaccount)
src/content/blog/2024-09-16-managed-identities.md:510:20 - Unknown word (podname)
src/content/blog/2024-09-16-managed-identities.md:514:20 - Unknown word (podname)
src/content/blog/2024-10-05-automatisation-carousel-linkedin.md:4:39 - Unknown word (Pandoc)
src/content/blog/2024-10-05-automatisation-carousel-linkedin.md:9:5 - Unknown word (Pandoc)
src/content/blog/2024-10-05-automatisation-carousel-linkedin.md:24:3 - Unknown word (Ecrire)
src/content/blog/2024-10-05-automatisation-carousel-linkedin.md:43:17 - Unknown word (pandoc)
src/content/blog/2024-10-05-automatisation-carousel-linkedin.md:46:5 - Unknown word (pandoc)
src/content/blog/2024-10-05-automatisation-carousel-linkedin.md:47:12 - Unknown word (prez)
src/content/blog/2024-10-05-automatisation-carousel-linkedin.md:47:32 - Unknown word (prez)
src/content/blog/2024-10-05-automatisation-carousel-linkedin.md:48:18 - Unknown word (xelatex)
src/content/blog/2024-10-05-automatisation-carousel-linkedin.md:50:35 - Unknown word (nonstopmode)
src/content/blog/2024-10-05-automatisation-carousel-linkedin.md:52:19 - Unknown word (prez)
src/content/blog/2024-10-05-automatisation-carousel-linkedin.md:72:28 - Unknown word (pandoc)
src/content/blog/2024-10-05-automatisation-carousel-linkedin.md:75:6 - Unknown word (pandoc)
src/content/blog/2024-10-05-automatisation-carousel-linkedin.md:80:17 - Unknown word (pygments)
src/content/blog/2024-10-05-automatisation-carousel-linkedin.md:81:9 - Unknown word (texlive)
src/content/blog/2024-10-05-automatisation-carousel-linkedin.md:82:9 - Unknown word (texlive)
src/content/blog/2024-10-05-automatisation-carousel-linkedin.md:83:9 - Unknown word (texlive)
src/content/blog/2024-10-05-automatisation-carousel-linkedin.md:84:9 - Unknown word (texlive)
src/content/blog/2024-10-05-automatisation-carousel-linkedin.md:85:9 - Unknown word (texlive)
src/content/blog/2024-10-05-automatisation-carousel-linkedin.md:86:15 - Unknown word (freefont)
src/content/blog/2024-10-05-automatisation-carousel-linkedin.md:90:5 - Unknown word (fmtutil)
src/content/blog/2024-10-05-automatisation-carousel-linkedin.md:90:19 - Unknown word (byfmt)
src/content/blog/2024-10-05-automatisation-carousel-linkedin.md:90:25 - Unknown word (pdflatex)
src/content/blog/2024-10-05-automatisation-carousel-linkedin.md:91:5 - Unknown word (fmtutil)
src/content/blog/2024-10-05-automatisation-carousel-linkedin.md:91:19 - Unknown word (byfmt)
src/content/blog/2024-10-05-automatisation-carousel-linkedin.md:91:25 - Unknown word (xelatex)
src/content/blog/2024-10-05-automatisation-carousel-linkedin.md:93:17 - Unknown word (tlmgr)
src/content/blog/2024-10-05-automatisation-carousel-linkedin.md:94:5 - Unknown word (tlmgr)
src/content/blog/2024-10-05-automatisation-carousel-linkedin.md:97:5 - Unknown word (tlmgr)
src/content/blog/2024-10-05-automatisation-carousel-linkedin.md:98:9 - Unknown word (adjustbox)
src/content/blog/2024-10-05-automatisation-carousel-linkedin.md:99:9 - Unknown word (enumitem)
src/content/blog/2024-10-05-automatisation-carousel-linkedin.md:100:9 - Unknown word (fvextra)
src/content/blog/2024-10-05-automatisation-carousel-linkedin.md:102:9 - Unknown word (mdframed)
src/content/blog/2024-10-05-automatisation-carousel-linkedin.md:105:9 - Unknown word (titlesec)
src/content/blog/2024-10-05-automatisation-carousel-linkedin.md:106:9 - Unknown word (wrapfig)
src/content/blog/2024-10-05-automatisation-carousel-linkedin.md:107:9 - Unknown word (fvextra)
src/content/blog/2024-10-05-automatisation-carousel-linkedin.md:117:39 - Unknown word (pandoc)
src/content/blog/2024-10-05-automatisation-carousel-linkedin.md:121:98 - Unknown word (vraiement)
src/content/blog/2024-10-05-automatisation-carousel-linkedin.md:126:2 - Unknown word (documentclass)
src/content/blog/2024-10-05-automatisation-carousel-linkedin.md:135:2 - Unknown word (usepackage)
src/content/blog/2024-10-05-automatisation-carousel-linkedin.md:135:19 - Unknown word (inputenc)
src/content/blog/2024-10-05-automatisation-carousel-linkedin.md:136:2 - Unknown word (usepackage)
src/content/blog/2024-10-05-automatisation-carousel-linkedin.md:136:13 - Unknown word (fontspec)
src/content/blog/2024-10-05-automatisation-carousel-linkedin.md:137:2 - Unknown word (setmainfont)
src/content/blog/2024-10-05-automatisation-carousel-linkedin.md:140:2 - Unknown word (usepackage)
src/content/blog/2024-10-05-automatisation-carousel-linkedin.md:140:13 - Unknown word (graphicx)
src/content/blog/2024-10-05-automatisation-carousel-linkedin.md:141:2 - Unknown word (usepackage)
src/content/blog/2024-10-05-automatisation-carousel-linkedin.md:142:2 - Unknown word (usepackage)
src/content/blog/2024-10-05-automatisation-carousel-linkedin.md:142:13 - Unknown word (fancyhdr)
src/content/blog/2024-10-05-automatisation-carousel-linkedin.md:143:13 - Unknown word (titlesec)
src/content/blog/2024-10-05-automatisation-carousel-linkedin.md:144:13 - Unknown word (xcolor)
src/content/blog/2024-10-05-automatisation-carousel-linkedin.md:145:13 - Unknown word (tikz)
src/content/blog/2024-10-05-automatisation-carousel-linkedin.md:146:2 - Unknown word (usetikzlibrary)
src/content/blog/2024-10-05-automatisation-carousel-linkedin.md:147:13 - Unknown word (wrapfig)
src/content/blog/2024-10-05-automatisation-carousel-linkedin.md:149:13 - Unknown word (fvextra)
src/content/blog/2024-10-05-automatisation-carousel-linkedin.md:150:13 - Unknown word (adjustbox)
src/content/blog/2024-10-05-automatisation-carousel-linkedin.md:152:22 - Unknown word (hyperref)
src/content/blog/2024-10-05-automatisation-carousel-linkedin.md:152:42 - Unknown word (hyperref)
src/content/blog/2024-10-05-automatisation-carousel-linkedin.md:157:5 - Unknown word (paperwidth)
src/content/blog/2024-10-05-automatisation-carousel-linkedin.md:158:5 - Unknown word (paperheight)
src/content/blog/2024-10-05-automatisation-carousel-linkedin.md:160:5 - Unknown word (tmargin)
src/content/blog/2024-10-05-automatisation-carousel-linkedin.md:164:2 - Unknown word (definecolor)
src/content/blog/2024-10-05-automatisation-carousel-linkedin.md:165:2 - Unknown word (definecolor)
src/content/blog/2024-10-05-automatisation-carousel-linkedin.md:166:2 - Unknown word (definecolor)
src/content/blog/2024-10-05-automatisation-carousel-linkedin.md:167:2 - Unknown word (definecolor)
src/content/blog/2024-10-05-automatisation-carousel-linkedin.md:168:2 - Unknown word (definecolor)
src/content/blog/2024-10-05-automatisation-carousel-linkedin.md:174:2 - Unknown word (pagecolor)
src/content/blog/2024-10-05-automatisation-carousel-linkedin.md:177:2 - Unknown word (pagestyle)
src/content/blog/2024-10-05-automatisation-carousel-linkedin.md:178:2 - Unknown word (fancyhf)
src/content/blog/2024-10-05-automatisation-carousel-linkedin.md:181:2 - Unknown word (fancyhead)
src/content/blog/2024-10-05-automatisation-carousel-linkedin.md:182:6 - Unknown word (includegraphics)
src/content/blog/2024-10-05-automatisation-carousel-linkedin.md:186:2 - Unknown word (renewcommand)
src/content/blog/2024-10-05-automatisation-carousel-linkedin.md:186:16 - Unknown word (headrulewidth)
src/content/blog/2024-10-05-automatisation-carousel-linkedin.md:189:2 - Unknown word (setlength)
src/content/blog/2024-10-05-automatisation-carousel-linkedin.md:189:13 - Unknown word (headsep)
src/content/blog/2024-10-05-automatisation-carousel-linkedin.md:192:2 - Unknown word (fancyfoot)
src/content/blog/2024-10-05-automatisation-carousel-linkedin.md:193:12 - Unknown word (tikzpicture)
src/content/blog/2024-10-05-automatisation-carousel-linkedin.md:195:34 - Unknown word (xshift)
src/content/blog/2024-10-05-automatisation-carousel-linkedin.md:195:46 - Unknown word (yshift)
src/content/blog/2024-10-05-automatisation-carousel-linkedin.md:196:20 - Unknown word (tikzpicture)
src/content/blog/2024-10-05-automatisation-carousel-linkedin.md:199:64 - Unknown word (includegraphics)
src/content/blog/2024-10-05-automatisation-carousel-linkedin.md:200:18 - Unknown word (tikzpicture)
src/content/blog/2024-10-05-automatisation-carousel-linkedin.md:203:34 - Unknown word (xshift)
src/content/blog/2024-10-05-automatisation-carousel-linkedin.md:203:48 - Unknown word (yshift)
src/content/blog/2024-10-05-automatisation-carousel-linkedin.md:204:20 - Unknown word (minipage)
src/content/blog/2024-10-05-automatisation-carousel-linkedin.md:205:18 - Unknown word (raggedright)
src/content/blog/2024-10-05-automatisation-carousel-linkedin.md:206:25 - Unknown word (textbf)
src/content/blog/2024-10-05-automatisation-carousel-linkedin.md:208:18 - Unknown word (minipage)
src/content/blog/2024-10-05-automatisation-carousel-linkedin.md:210:10 - Unknown word (tikzpicture)
src/content/blog/2024-10-05-automatisation-carousel-linkedin.md:212:2 - Unknown word (fancyfoot)
src/content/blog/2024-10-05-automatisation-carousel-linkedin.md:213:12 - Unknown word (tikzpicture)
src/content/blog/2024-10-05-automatisation-carousel-linkedin.md:215:34 - Unknown word (xshift)
src/content/blog/2024-10-05-automatisation-carousel-linkedin.md:215:47 - Unknown word (yshift)
src/content/blog/2024-10-05-automatisation-carousel-linkedin.md:216:15 - Unknown word (includegraphics)
src/content/blog/2024-10-05-automatisation-carousel-linkedin.md:234:2 - Unknown word (titleformat)
src/content/blog/2024-10-05-automatisation-carousel-linkedin.md:235:27 - Unknown word (bfseries)
src/content/blog/2024-10-05-automatisation-carousel-linkedin.md:239:2 - Unknown word (renewcommand)
src/content/blog/2024-10-05-automatisation-carousel-linkedin.md:239:16 - Unknown word (normalsize)
src/content/blog/2024-10-05-automatisation-carousel-linkedin.md:239:50 - Unknown word (selectfont)
src/content/blog/2024-10-05-automatisation-carousel-linkedin.md:242:6 - Unknown word (oldsection)
src/content/blog/2024-10-05-automatisation-carousel-linkedin.md:243:2 - Unknown word (renewcommand)
src/content/blog/2024-10-05-automatisation-carousel-linkedin.md:244:6 - Unknown word (oldsection)
src/content/blog/2024-10-05-automatisation-carousel-linkedin.md:245:6 - Unknown word (raggedright)
src/content/blog/2024-10-05-automatisation-carousel-linkedin.md:248:18 - Unknown word (tightlist)
src/content/blog/2024-10-05-automatisation-carousel-linkedin.md:249:2 - Unknown word (providecommand)
src/content/blog/2024-10-05-automatisation-carousel-linkedin.md:249:18 - Unknown word (tightlist)
src/content/blog/2024-10-05-automatisation-carousel-linkedin.md:250:4 - Unknown word (setlength)
src/content/blog/2024-10-05-automatisation-carousel-linkedin.md:250:15 - Unknown word (itemsep)
src/content/blog/2024-10-05-automatisation-carousel-linkedin.md:250:29 - Unknown word (setlength)
src/content/blog/2024-10-05-automatisation-carousel-linkedin.md:250:40 - Unknown word (parskip)
src/content/blog/2024-10-05-automatisation-carousel-linkedin.md:253:11 - Unknown word (hyperref)
src/content/blog/2024-10-05-automatisation-carousel-linkedin.md:254:22 - Unknown word (hyperref)
src/content/blog/2024-10-05-automatisation-carousel-linkedin.md:266:5 - Unknown word (Ecrire)
src/content/blog/2024-10-05-automatisation-carousel-linkedin.md:281:2 - Unknown word (newpage)
src/content/blog/2024-10-05-automatisation-carousel-linkedin.md:285:3 - Unknown word (Ecrire)
src/content/blog/2024-10-05-automatisation-carousel-linkedin.md:289:2 - Unknown word (newpage)
src/content/blog/2024-10-05-automatisation-carousel-linkedin.md:291:11 - Unknown word (Pandoc)
src/content/blog/2024-10-05-automatisation-carousel-linkedin.md:300:10 - Unknown word (prez)
src/content/blog/2024-10-05-automatisation-carousel-linkedin.md:300:30 - Unknown word (prez)
src/content/blog/2024-10-05-automatisation-carousel-linkedin.md:301:16 - Unknown word (xelatex)
src/content/blog/2024-10-05-automatisation-carousel-linkedin.md:302:33 - Unknown word (nonstopmode)
src/content/blog/2024-10-05-automatisation-carousel-linkedin.md:321:16 - Unknown word (xelatex)
src/content/blog/2024-10-05-automatisation-carousel-linkedin.md:322:33 - Unknown word (nonstopmode)
src/content/caseStudies/client-a-devsecops-transformation.md:4:1 - Unknown word (timeframe)
src/content/caseStudies/client-a-platform-engineering.md:4:1 - Unknown word (timeframe)
src/content/config.ts:51:5 - Unknown word (timeframe)
src/content/resources/TechSpresso.md:2:19 - Unknown word (Techspresso)
src/content/resources/TechSpresso.md:19:22 - Unknown word (Techspresso)
src/content/resources/TechSpresso.md:23:62 - Unknown word (Techspresso)
src/content/resources/TechSpresso.md:23:171 - Unknown word (persos)
src/content/resources/TechSpresso.md:27:188 - Unknown word (Techspresso)
src/content/resources/TechSpresso.md:29:2 - Unknown word (Techspresso)
src/data/social-stats.json:39:18 - Unknown word (cloudcost)
src/data/social-stats.json:48:23 - Unknown word (kube)
src/data/social-stats.json:57:18 - Unknown word (akslifecycle)
src/data/social-stats.json:66:21 - Unknown word (amumu)
src/data/social-stats.json:76:111 - Unknown word (cicd)
src/data/social-stats.json:84:26 - Unknown word (pipx)
src/data/social-stats.json:85:38 - Unknown word (pipx)
src/data/social-stats.json:102:18 - Unknown word (Shai)
src/data/social-stats.json:102:22 - Unknown word (Hulud)
src/pages/__about.astro:27:35 - Unknown word (amet)
src/pages/__about.astro:28:40 - Unknown word (eiusmod)
src/pages/__about.astro:28:48 - Unknown word (tempor)
src/pages/__about.astro:28:55 - Unknown word (incididunt)
src/pages/__about.astro:28:69 - Unknown word (labore)
src/pages/__about.astro:28:79 - Unknown word (dolore)
src/pages/__about.astro:29:19 - Unknown word (aliqua)
src/pages/__about.astro:29:27 - Unknown word (Proin)
src/pages/__about.astro:29:33 - Unknown word (nibh)
src/pages/__about.astro:29:38 - Unknown word (nisl)
src/pages/__about.astro:29:43 - Unknown word (condimentum)
src/pages/__about.astro:29:58 - Unknown word (venenatis)
src/pages/__about.astro:29:70 - Unknown word (condimentum)
src/pages/__about.astro:30:20 - Unknown word (Dapibus)
src/pages/__about.astro:30:28 - Unknown word (ultrices)
src/pages/__about.astro:30:40 - Unknown word (iaculis)
src/pages/__about.astro:30:54 - Unknown word (Arcu)
src/pages/__about.astro:30:59 - Unknown word (odio)
src/pages/__about.astro:30:71 - Unknown word (nulla)
src/pages/__about.astro:30:77 - Unknown word (pharetra)
src/pages/__about.astro:31:22 - Unknown word (amet)
src/pages/__about.astro:31:33 - Unknown word (quis)
src/pages/__about.astro:31:38 - Unknown word (enim)
src/pages/__about.astro:31:43 - Unknown word (lobortis)
src/pages/__about.astro:31:52 - Unknown word (scelerisque)
src/pages/__about.astro:31:64 - Unknown word (fermentum)
src/pages/__about.astro:31:78 - Unknown word (faucibus)
src/pages/__about.astro:32:16 - Unknown word (ornare)
src/pages/__about.astro:35:13 - Unknown word (Arcu)
src/pages/__about.astro:35:22 - Unknown word (vivamus)
src/pages/__about.astro:35:30 - Unknown word (arcu)
src/pages/__about.astro:35:35 - Unknown word (felis)
src/pages/__about.astro:35:53 - Unknown word (tristique)
src/pages/__about.astro:35:66 - Unknown word (egestas)
src/pages/__about.astro:35:75 - Unknown word (Eget)
src/pages/__about.astro:36:13 - Unknown word (gravida)
src/pages/__about.astro:36:25 - Unknown word (sociis)
src/pages/__about.astro:36:32 - Unknown word (natoque)
src/pages/__about.astro:36:40 - Unknown word (penatibus)
src/pages/__about.astro:36:51 - Unknown word (Cras)
src/pages/__about.astro:36:56 - Unknown word (fermentum)
src/pages/__about.astro:36:66 - Unknown word (odio)
src/pages/__about.astro:36:74 - Unknown word (feugiat)
src/pages/__about.astro:37:13 - Unknown word (pretium)
src/pages/__about.astro:37:21 - Unknown word (nibh)
src/pages/__about.astro:37:27 - Unknown word (Proin)
src/pages/__about.astro:37:33 - Unknown word (nibh)
src/pages/__about.astro:37:38 - Unknown word (nisl)
src/pages/__about.astro:37:43 - Unknown word (condimentum)
src/pages/__about.astro:37:58 - Unknown word (venenatis)
src/pages/__about.astro:37:75 - Unknown word (nibh)
src/pages/__about.astro:38:13 - Unknown word (venenatis)
src/pages/__about.astro:38:23 - Unknown word (cras)
src/pages/__about.astro:38:32 - Unknown word (felis)
src/pages/__about.astro:38:38 - Unknown word (eget)
src/pages/__about.astro:38:43 - Unknown word (velit)
src/pages/__about.astro:38:67 - Unknown word (elementum)
src/pages/__about.astro:39:13 - Unknown word (pulvinar)
src/pages/__about.astro:39:22 - Unknown word (etiam)
src/pages/__about.astro:42:13 - Unknown word (Ultrices)
src/pages/__about.astro:42:22 - Unknown word (tincidunt)
src/pages/__about.astro:42:32 - Unknown word (arcu)
src/pages/__about.astro:42:41 - Unknown word (sodales)
src/pages/__about.astro:42:49 - Unknown word (neque)
src/pages/__about.astro:42:55 - Unknown word (sodales)
src/pages/__about.astro:42:71 - Unknown word (enim)
src/pages/__about.astro:43:17 - Unknown word (viverra)
src/pages/__about.astro:43:25 - Unknown word (aliquet)
src/pages/__about.astro:43:33 - Unknown word (eget)
src/pages/__about.astro:43:42 - Unknown word (amet)
src/pages/__about.astro:43:48 - Unknown word (Lacus)
src/pages/__about.astro:43:54 - Unknown word (luctus)
src/pages/__about.astro:43:61 - Unknown word (accumsan)
src/pages/__about.astro:43:70 - Unknown word (tortor)
src/pages/__about.astro:44:13 - Unknown word (posuere)
src/pages/__about.astro:44:27 - Unknown word (consequat)
src/pages/__about.astro:44:44 - Unknown word (viverra)
src/pages/__about.astro:44:53 - Unknown word (Viverra)
src/pages/__about.astro:44:61 - Unknown word (accumsan)
src/pages/__about.astro:44:73 - Unknown word (nisl)
src/pages/__about.astro:45:18 - Unknown word (scelerisque)
src/pages/__about.astro:45:33 - Unknown word (ultrices)
src/pages/__about.astro:45:52 - Unknown word (tempor)
src/pages/__about.astro:45:63 - Unknown word (feugiat)
src/pages/__about.astro:45:71 - Unknown word (nisl)
src/pages/__about.astro:46:13 - Unknown word (pretium)
src/pages/__about.astro:46:21 - Unknown word (fusce)
src/pages/__about.astro:53:14 - Unknown word (Corporis)
src/pages/__about.astro:53:23 - Unknown word (voluptates)
src/pages/__about.astro:53:34 - Unknown word (tenetur)
src/pages/__about.astro:53:42 - Unknown word (laudantium)
src/pages/__about.astro:59:22 - Unknown word (unde)
src/pages/__about.astro:59:27 - Unknown word (omnis)
src/pages/case-studies.astro:95:37 - Unknown word (timeframe)
src/pages/case-studies.astro:97:37 - Unknown word (timeframe)
src/pages/case-studies/[...slug].astro:53:31 - Unknown word (timeframe)
src/pages/index.astro:87:38 - Unknown word (wonderfull) fix: (wonderful)
src/pages/index.astro:128:45 - Unknown word (recieve) fix: (receive)
src/pages/index.astro:140:18 - Unknown word (awwwards)
src/pages/offers.astro:186:35 - Unknown word (zonnes)
src/pages/offers.astro:211:33 - Unknown word (CSPM)
src/pages/open-graph/[...ogimage].ts:3:21 - Unknown word (thewebforge)
src/pages/speaking.astro:189:25 - Unknown word (headshot)
src/pages/speaking.astro:192:51 - Unknown word (Headshot)
src/pages/speaking.astro:193:24 - Unknown word (headshot)
src/pages/speaking.astro:557:4 - Unknown word (headshot)
src/pages/speaking.astro:564:6 - Unknown word (headshot)
src/pages/speaking.astro:569:4 - Unknown word (headshot)
 ELIFECYCLE  Command failed with exit code 1.
